{"D:\\election\\src\\app\\page.tsx": {"path":"D:\\election\\src\\app\\page.tsx","statementMap":{"0":{"start":{"line":25,"column":0},"end":{"line":25,"column":24}},"1":{"start":{"line":3,"column":0},"end":{"line":3,"column":41}},"2":{"start":{"line":4,"column":0},"end":{"line":4,"column":53}},"3":{"start":{"line":5,"column":0},"end":{"line":5,"column":41}},"4":{"start":{"line":6,"column":0},"end":{"line":6,"column":61}},"5":{"start":{"line":7,"column":0},"end":{"line":7,"column":61}},"6":{"start":{"line":8,"column":0},"end":{"line":8,"column":65}},"7":{"start":{"line":9,"column":0},"end":{"line":9,"column":59}},"8":{"start":{"line":10,"column":0},"end":{"line":10,"column":53}},"9":{"start":{"line":11,"column":0},"end":{"line":11,"column":59}},"10":{"start":{"line":12,"column":0},"end":{"line":12,"column":55}},"11":{"start":{"line":13,"column":0},"end":{"line":13,"column":50}},"12":{"start":{"line":14,"column":0},"end":{"line":14,"column":60}},"13":{"start":{"line":16,"column":44},"end":{"line":23,"column":2}},"14":{"start":{"line":26,"column":27},"end":{"line":26,"column":40}},"15":{"start":{"line":27,"column":2},"end":{"line":27,"column":21}},"16":{"start":{"line":30,"column":2},"end":{"line":32,"column":9}},"17":{"start":{"line":31,"column":4},"end":{"line":31,"column":36}},"18":{"start":{"line":34,"column":27},"end":{"line":44,"column":3}},"19":{"start":{"line":35,"column":4},"end":{"line":43,"column":5}},"20":{"start":{"line":36,"column":24},"end":{"line":36,"column":49}},"21":{"start":{"line":37,"column":24},"end":{"line":37,"column":51}},"22":{"start":{"line":38,"column":24},"end":{"line":38,"column":48}},"23":{"start":{"line":39,"column":24},"end":{"line":39,"column":49}},"24":{"start":{"line":40,"column":24},"end":{"line":40,"column":45}},"25":{"start":{"line":41,"column":24},"end":{"line":41,"column":48}},"26":{"start":{"line":42,"column":24},"end":{"line":42,"column":49}},"27":{"start":{"line":46,"column":23},"end":{"line":46,"column":65}},"28":{"start":{"line":48,"column":2},"end":{"line":103,"column":4}},"29":{"start":{"line":67,"column":29},"end":{"line":67,"column":78}}},"fnMap":{"0":{"name":"Home","decl":{"start":{"line":25,"column":24},"end":{"line":25,"column":28}},"loc":{"start":{"line":25,"column":28},"end":{"line":104,"column":1}}},"1":{"name":"(anonymous_11)","decl":{"start":{"line":30,"column":12},"end":{"line":30,"column":15}},"loc":{"start":{"line":30,"column":17},"end":{"line":32,"column":3}}},"2":{"name":"(anonymous_12)","decl":{"start":{"line":34,"column":27},"end":{"line":34,"column":30}},"loc":{"start":{"line":34,"column":32},"end":{"line":44,"column":3}}},"3":{"name":"(anonymous_13)","decl":{"start":{"line":67,"column":23},"end":{"line":67,"column":26}},"loc":{"start":{"line":67,"column":29},"end":{"line":67,"column":78}}}},"branchMap":{"0":{"loc":{"start":{"line":35,"column":4},"end":{"line":43,"column":5}},"type":"switch","locations":[{"start":{"line":36,"column":6},"end":{"line":36,"column":49}},{"start":{"line":37,"column":6},"end":{"line":37,"column":51}},{"start":{"line":38,"column":6},"end":{"line":38,"column":48}},{"start":{"line":39,"column":6},"end":{"line":39,"column":49}},{"start":{"line":40,"column":6},"end":{"line":40,"column":45}},{"start":{"line":41,"column":6},"end":{"line":41,"column":48}},{"start":{"line":42,"column":6},"end":{"line":42,"column":49}}]},"1":{"loc":{"start":{"line":46,"column":23},"end":{"line":46,"column":65}},"type":"cond-expr","locations":[{"start":{"line":46,"column":48},"end":{"line":46,"column":52}},{"start":{"line":46,"column":52},"end":{"line":46,"column":65}}]},"2":{"loc":{"start":{"line":46,"column":23},"end":{"line":46,"column":52}},"type":"binary-expr","locations":[{"start":{"line":46,"column":23},"end":{"line":46,"column":52}},{"start":{"line":46,"column":48},"end":{"line":46,"column":52}}]},"3":{"loc":{"start":{"line":64,"column":11},"end":{"line":68,"column":null}},"type":"binary-expr","locations":[{"start":{"line":64,"column":11},"end":{"line":64,"column":41}},{"start":{"line":65,"column":12},"end":{"line":67,"column":null}}]},"4":{"loc":{"start":{"line":70,"column":116},"end":{"line":70,"column":186}},"type":"cond-expr","locations":[{"start":{"line":70,"column":149},"end":{"line":70,"column":164}},{"start":{"line":70,"column":167},"end":{"line":70,"column":186}}]}},"s":{"0":0,"1":0,"2":0,"3":0,"4":0,"5":0,"6":0,"7":0,"8":0,"9":0,"10":0,"11":0,"12":0,"13":0,"14":0,"15":0,"16":0,"17":0,"18":0,"19":0,"20":0,"21":0,"22":0,"23":0,"24":0,"25":0,"26":0,"27":0,"28":0,"29":0},"f":{"0":0,"1":0,"2":0,"3":0},"b":{"0":[0,0,0,0,0,0,0],"1":[0,0],"2":[0,0],"3":[0,0],"4":[0,0]}}
,"D:\\election\\src\\app\\api\\chat\\route.ts": {"path":"D:\\election\\src\\app\\api\\chat\\route.ts","statementMap":{"0":{"start":{"line":89,"column":0},"end":{"line":89,"column":7}},"1":{"start":{"line":20,"column":0},"end":{"line":20,"column":56}},"2":{"start":{"line":21,"column":0},"end":{"line":21,"column":null}},"3":{"start":{"line":32,"column":0},"end":{"line":32,"column":55}},"4":{"start":{"line":35,"column":21},"end":{"line":35,"column":72}},"5":{"start":{"line":36,"column":19},"end":{"line":36,"column":21}},"6":{"start":{"line":37,"column":23},"end":{"line":37,"column":29}},"7":{"start":{"line":46,"column":14},"end":{"line":46,"column":24}},"8":{"start":{"line":47,"column":16},"end":{"line":47,"column":36}},"9":{"start":{"line":48,"column":2},"end":{"line":51,"column":3}},"10":{"start":{"line":49,"column":4},"end":{"line":49,"column":68}},"11":{"start":{"line":50,"column":4},"end":{"line":50,"column":17}},"12":{"start":{"line":52,"column":2},"end":{"line":52,"column":45}},"13":{"start":{"line":52,"column":33},"end":{"line":52,"column":45}},"14":{"start":{"line":53,"column":2},"end":{"line":53,"column":16}},"15":{"start":{"line":54,"column":2},"end":{"line":54,"column":15}},"16":{"start":{"line":58,"column":26},"end":{"line":61,"column":2}},"17":{"start":{"line":62,"column":26},"end":{"line":66,"column":2}},"18":{"start":{"line":67,"column":22},"end":{"line":67,"column":48}},"19":{"start":{"line":70,"column":50},"end":{"line":87,"column":2}},"20":{"start":{"line":90,"column":20},"end":{"line":90,"column":29}},"21":{"start":{"line":91,"column":2},"end":{"line":278,"column":3}},"22":{"start":{"line":93,"column":15},"end":{"line":93,"column":86}},"23":{"start":{"line":94,"column":4},"end":{"line":99,"column":5}},"24":{"start":{"line":95,"column":6},"end":{"line":98,"column":8}},"25":{"start":{"line":102,"column":4},"end":{"line":102,"column":17}},"26":{"start":{"line":106,"column":4},"end":{"line":110,"column":5}},"27":{"start":{"line":107,"column":6},"end":{"line":107,"column":30}},"28":{"start":{"line":109,"column":6},"end":{"line":109,"column":80}},"29":{"start":{"line":112,"column":106},"end":{"line":112,"column":null}},"30":{"start":{"line":123,"column":4},"end":{"line":123,"column":40}},"31":{"start":{"line":124,"column":27},"end":{"line":124,"column":148}},"32":{"start":{"line":125,"column":24},"end":{"line":125,"column":97}},"33":{"start":{"line":127,"column":4},"end":{"line":129,"column":5}},"34":{"start":{"line":128,"column":6},"end":{"line":128,"column":82}},"35":{"start":{"line":132,"column":4},"end":{"line":134,"column":5}},"36":{"start":{"line":133,"column":6},"end":{"line":133,"column":105}},"37":{"start":{"line":137,"column":29},"end":{"line":137,"column":94}},"38":{"start":{"line":138,"column":4},"end":{"line":140,"column":5}},"39":{"start":{"line":139,"column":6},"end":{"line":139,"column":86}},"40":{"start":{"line":143,"column":19},"end":{"line":143,"column":45}},"41":{"start":{"line":144,"column":4},"end":{"line":149,"column":5}},"42":{"start":{"line":145,"column":6},"end":{"line":148,"column":8}},"43":{"start":{"line":152,"column":25},"end":{"line":152,"column":77}},"44":{"start":{"line":153,"column":25},"end":{"line":153,"column":79}},"45":{"start":{"line":154,"column":25},"end":{"line":154,"column":76}},"46":{"start":{"line":157,"column":19},"end":{"line":157,"column":49}},"47":{"start":{"line":158,"column":28},"end":{"line":158,"column":54}},"48":{"start":{"line":161,"column":29},"end":{"line":163,"column":12}},"49":{"start":{"line":166,"column":21},"end":{"line":166,"column":78}},"50":{"start":{"line":167,"column":21},"end":{"line":167,"column":89}},"51":{"start":{"line":169,"column":4},"end":{"line":177,"column":5}},"52":{"start":{"line":170,"column":21},"end":{"line":170,"column":48}},"53":{"start":{"line":171,"column":6},"end":{"line":176,"column":7}},"54":{"start":{"line":172,"column":8},"end":{"line":175,"column":10}},"55":{"start":{"line":179,"column":19},"end":{"line":179,"column":56}},"56":{"start":{"line":180,"column":28},"end":{"line":180,"column":82}},"57":{"start":{"line":183,"column":25},"end":{"line":211,"column":29}},"58":{"start":{"line":214,"column":32},"end":{"line":216,"column":null}},"59":{"start":{"line":215,"column":34},"end":{"line":215,"column":77}},"60":{"start":{"line":220,"column":25},"end":{"line":223,"column":null}},"61":{"start":{"line":226,"column":4},"end":{"line":228,"column":5}},"62":{"start":{"line":227,"column":6},"end":{"line":227,"column":85}},"63":{"start":{"line":231,"column":4},"end":{"line":233,"column":5}},"64":{"start":{"line":232,"column":6},"end":{"line":232,"column":48}},"65":{"start":{"line":236,"column":37},"end":{"line":236,"column":41}},"66":{"start":{"line":237,"column":4},"end":{"line":247,"column":5}},"67":{"start":{"line":238,"column":6},"end":{"line":246,"column":7}},"68":{"start":{"line":239,"column":32},"end":{"line":240,"column":null}},"69":{"start":{"line":242,"column":8},"end":{"line":242,"column":75}},"70":{"start":{"line":245,"column":8},"end":{"line":245,"column":27}},"71":{"start":{"line":249,"column":4},"end":{"line":257,"column":6}},"72":{"start":{"line":260,"column":20},"end":{"line":260,"column":78}},"73":{"start":{"line":261,"column":4},"end":{"line":261,"column":49}},"74":{"start":{"line":264,"column":50},"end":{"line":268,"column":6}},"75":{"start":{"line":270,"column":25},"end":{"line":270,"column":79}},"76":{"start":{"line":272,"column":4},"end":{"line":277,"column":7}}},"fnMap":{"0":{"name":"isRateLimited","decl":{"start":{"line":45,"column":9},"end":{"line":45,"column":22}},"loc":{"start":{"line":45,"column":33},"end":{"line":55,"column":1}}},"1":{"name":"POST","decl":{"start":{"line":89,"column":22},"end":{"line":89,"column":26}},"loc":{"start":{"line":89,"column":43},"end":{"line":279,"column":1}}},"2":{"name":"(anonymous_2)","decl":{"start":{"line":215,"column":29},"end":{"line":215,"column":30}},"loc":{"start":{"line":215,"column":34},"end":{"line":215,"column":77}}}},"branchMap":{"0":{"loc":{"start":{"line":48,"column":2},"end":{"line":51,"column":3}},"type":"if","locations":[{"start":{"line":48,"column":2},"end":{"line":51,"column":3}},{"start":{},"end":{}}]},"1":{"loc":{"start":{"line":48,"column":6},"end":{"line":48,"column":33}},"type":"binary-expr","locations":[{"start":{"line":48,"column":6},"end":{"line":48,"column":12}},{"start":{"line":48,"column":16},"end":{"line":48,"column":33}}]},"2":{"loc":{"start":{"line":52,"column":2},"end":{"line":52,"column":45}},"type":"if","locations":[{"start":{"line":52,"column":2},"end":{"line":52,"column":45}},{"start":{},"end":{}}]},"3":{"loc":{"start":{"line":93,"column":15},"end":{"line":93,"column":86}},"type":"cond-expr","locations":[{"start":{"line":93,"column":71},"end":{"line":93,"column":75}},{"start":{"line":93,"column":75},"end":{"line":93,"column":86}}]},"4":{"loc":{"start":{"line":93,"column":15},"end":{"line":93,"column":75}},"type":"binary-expr","locations":[{"start":{"line":93,"column":15},"end":{"line":93,"column":75}},{"start":{"line":93,"column":71},"end":{"line":93,"column":75}}]},"5":{"loc":{"start":{"line":93,"column":15},"end":{"line":93,"column":71}},"type":"cond-expr","locations":[{"start":{"line":93,"column":49},"end":{"line":93,"column":51}},{"start":{"line":93,"column":49},"end":{"line":93,"column":71}}]},"6":{"loc":{"start":{"line":93,"column":15},"end":{"line":93,"column":51}},"type":"binary-expr","locations":[{"start":{"line":93,"column":15},"end":{"line":93,"column":51}},{"start":{"line":93,"column":49},"end":{"line":93,"column":51}}]},"7":{"loc":{"start":{"line":94,"column":4},"end":{"line":99,"column":5}},"type":"if","locations":[{"start":{"line":94,"column":4},"end":{"line":99,"column":5}},{"start":{},"end":{}}]},"8":{"loc":{"start":{"line":123,"column":18},"end":{"line":123,"column":39}},"type":"binary-expr","locations":[{"start":{"line":123,"column":18},"end":{"line":123,"column":26}},{"start":{"line":123,"column":30},"end":{"line":123,"column":39}}]},"9":{"loc":{"start":{"line":125,"column":24},"end":{"line":125,"column":97}},"type":"cond-expr","locations":[{"start":{"line":125,"column":64},"end":{"line":125,"column":76}},{"start":{"line":125,"column":79},"end":{"line":125,"column":97}}]},"10":{"loc":{"start":{"line":125,"column":43},"end":{"line":125,"column":60}},"type":"cond-expr","locations":[{"start":{"line":125,"column":43},"end":{"line":125,"column":54}},{"start":{"line":125,"column":58},"end":{"line":125,"column":60}}]},"11":{"loc":{"start":{"line":125,"column":43},"end":{"line":125,"column":58}},"type":"binary-expr","locations":[{"start":{"line":125,"column":43},"end":{"line":125,"column":58}},{"start":{"line":125,"column":43},"end":{"line":125,"column":58}}]},"12":{"loc":{"start":{"line":127,"column":4},"end":{"line":129,"column":5}},"type":"if","locations":[{"start":{"line":127,"column":4},"end":{"line":129,"column":5}},{"start":{},"end":{}}]},"13":{"loc":{"start":{"line":127,"column":8},"end":{"line":127,"column":47}},"type":"binary-expr","locations":[{"start":{"line":127,"column":8},"end":{"line":127,"column":16}},{"start":{"line":127,"column":20},"end":{"line":127,"column":47}}]},"14":{"loc":{"start":{"line":132,"column":4},"end":{"line":134,"column":5}},"type":"if","locations":[{"start":{"line":132,"column":4},"end":{"line":134,"column":5}},{"start":{},"end":{}}]},"15":{"loc":{"start":{"line":138,"column":4},"end":{"line":140,"column":5}},"type":"if","locations":[{"start":{"line":138,"column":4},"end":{"line":140,"column":5}},{"start":{},"end":{}}]},"16":{"loc":{"start":{"line":144,"column":4},"end":{"line":149,"column":5}},"type":"if","locations":[{"start":{"line":144,"column":4},"end":{"line":149,"column":5}},{"start":{},"end":{}}]},"17":{"loc":{"start":{"line":152,"column":25},"end":{"line":152,"column":77}},"type":"cond-expr","locations":[{"start":{"line":152,"column":59},"end":{"line":152,"column":66}},{"start":{"line":152,"column":70},"end":{"line":152,"column":77}}]},"18":{"loc":{"start":{"line":153,"column":25},"end":{"line":153,"column":79}},"type":"cond-expr","locations":[{"start":{"line":153,"column":59},"end":{"line":153,"column":67}},{"start":{"line":153,"column":70},"end":{"line":153,"column":79}}]},"19":{"loc":{"start":{"line":154,"column":25},"end":{"line":154,"column":76}},"type":"cond-expr","locations":[{"start":{"line":154,"column":59},"end":{"line":154,"column":63}},{"start":{"line":154,"column":70},"end":{"line":154,"column":76}}]},"20":{"loc":{"start":{"line":161,"column":29},"end":{"line":163,"column":12}},"type":"cond-expr","locations":[{"start":{"line":162,"column":8},"end":{"line":162,"column":39}},{"start":{"line":163,"column":8},"end":{"line":163,"column":12}}]},"21":{"loc":{"start":{"line":161,"column":30},"end":{"line":161,"column":83}},"type":"binary-expr","locations":[{"start":{"line":161,"column":30},"end":{"line":161,"column":55}},{"start":{"line":161,"column":59},"end":{"line":161,"column":83}}]},"22":{"loc":{"start":{"line":166,"column":21},"end":{"line":166,"column":78}},"type":"binary-expr","locations":[{"start":{"line":166,"column":21},"end":{"line":166,"column":40}},{"start":{"line":166,"column":45},"end":{"line":166,"column":53}},{"start":{"line":166,"column":57},"end":{"line":166,"column":77}}]},"23":{"loc":{"start":{"line":169,"column":4},"end":{"line":177,"column":5}},"type":"if","locations":[{"start":{"line":169,"column":4},"end":{"line":177,"column":5}},{"start":{},"end":{}}]},"24":{"loc":{"start":{"line":171,"column":6},"end":{"line":176,"column":7}},"type":"if","locations":[{"start":{"line":171,"column":6},"end":{"line":176,"column":7}},{"start":{},"end":{}}]},"25":{"loc":{"start":{"line":180,"column":28},"end":{"line":180,"column":82}},"type":"cond-expr","locations":[{"start":{"line":180,"column":59},"end":{"line":180,"column":63}},{"start":{"line":180,"column":63},"end":{"line":180,"column":82}}]},"26":{"loc":{"start":{"line":180,"column":28},"end":{"line":180,"column":63}},"type":"binary-expr","locations":[{"start":{"line":180,"column":28},"end":{"line":180,"column":63}},{"start":{"line":180,"column":59},"end":{"line":180,"column":63}}]},"27":{"loc":{"start":{"line":183,"column":25},"end":{"line":211,"column":29}},"type":"cond-expr","locations":[{"start":{"line":184,"column":8},"end":{"line":192,"column":21}},{"start":{"line":193,"column":8},"end":{"line":211,"column":29}}]},"28":{"loc":{"start":{"line":215,"column":7},"end":{"line":215,"column":20}},"type":"cond-expr","locations":[{"start":{"line":215,"column":7},"end":{"line":215,"column":14}},{"start":{"line":215,"column":18},"end":{"line":215,"column":20}}]},"29":{"loc":{"start":{"line":215,"column":7},"end":{"line":215,"column":18}},"type":"binary-expr","locations":[{"start":{"line":215,"column":7},"end":{"line":215,"column":18}},{"start":{"line":215,"column":7},"end":{"line":215,"column":18}}]},"30":{"loc":{"start":{"line":215,"column":34},"end":{"line":215,"column":77}},"type":"binary-expr","locations":[{"start":{"line":215,"column":34},"end":{"line":215,"column":51}},{"start":{"line":215,"column":55},"end":{"line":215,"column":77}}]},"31":{"loc":{"start":{"line":226,"column":4},"end":{"line":228,"column":5}},"type":"if","locations":[{"start":{"line":226,"column":4},"end":{"line":228,"column":5}},{"start":{},"end":{}}]},"32":{"loc":{"start":{"line":231,"column":4},"end":{"line":233,"column":5}},"type":"if","locations":[{"start":{"line":231,"column":4},"end":{"line":233,"column":5}},{"start":{},"end":{}}]},"33":{"loc":{"start":{"line":237,"column":4},"end":{"line":247,"column":5}},"type":"if","locations":[{"start":{"line":237,"column":4},"end":{"line":247,"column":5}},{"start":{},"end":{}}]},"34":{"loc":{"start":{"line":242,"column":22},"end":{"line":242,"column":74}},"type":"cond-expr","locations":[{"start":{"line":242,"column":66},"end":{"line":242,"column":70}},{"start":{"line":242,"column":70},"end":{"line":242,"column":74}}]},"35":{"loc":{"start":{"line":242,"column":22},"end":{"line":242,"column":70}},"type":"binary-expr","locations":[{"start":{"line":242,"column":22},"end":{"line":242,"column":70}},{"start":{"line":242,"column":66},"end":{"line":242,"column":70}}]},"36":{"loc":{"start":{"line":242,"column":22},"end":{"line":242,"column":66}},"type":"cond-expr","locations":[{"start":{"line":242,"column":37},"end":{"line":242,"column":39}},{"start":{"line":242,"column":22},"end":{"line":242,"column":66}}]},"37":{"loc":{"start":{"line":242,"column":22},"end":{"line":242,"column":39}},"type":"binary-expr","locations":[{"start":{"line":242,"column":22},"end":{"line":242,"column":39}},{"start":{"line":242,"column":22},"end":{"line":242,"column":39}}]},"38":{"loc":{"start":{"line":260,"column":20},"end":{"line":260,"column":78}},"type":"binary-expr","locations":[{"start":{"line":260,"column":20},"end":{"line":260,"column":34}},{"start":{"line":260,"column":38},"end":{"line":260,"column":51}},{"start":{"line":260,"column":55},"end":{"line":260,"column":78}}]},"39":{"loc":{"start":{"line":260,"column":20},"end":{"line":260,"column":34}},"type":"cond-expr","locations":[{"start":{"line":260,"column":25},"end":{"line":260,"column":27}},{"start":{"line":260,"column":20},"end":{"line":260,"column":34}}]},"40":{"loc":{"start":{"line":260,"column":20},"end":{"line":260,"column":27}},"type":"binary-expr","locations":[{"start":{"line":260,"column":20},"end":{"line":260,"column":27}},{"start":{"line":260,"column":20},"end":{"line":260,"column":27}}]},"41":{"loc":{"start":{"line":270,"column":25},"end":{"line":270,"column":79}},"type":"binary-expr","locations":[{"start":{"line":270,"column":25},"end":{"line":270,"column":51}},{"start":{"line":270,"column":55},"end":{"line":270,"column":79}}]}},"s":{"0":1,"1":1,"2":1,"3":1,"4":1,"5":1,"6":1,"7":20,"8":20,"9":20,"10":1,"11":1,"12":19,"13":0,"14":19,"15":19,"16":1,"17":1,"18":1,"19":1,"20":20,"21":20,"22":20,"23":20,"24":0,"25":20,"26":20,"27":20,"28":0,"29":20,"30":20,"31":20,"32":20,"33":20,"34":2,"35":18,"36":2,"37":16,"38":16,"39":3,"40":13,"41":13,"42":0,"43":13,"44":13,"45":13,"46":13,"47":13,"48":13,"49":13,"50":13,"51":13,"52":12,"53":12,"54":2,"55":11,"56":11,"57":11,"58":11,"59":0,"60":11,"61":11,"62":0,"63":11,"64":10,"65":11,"66":11,"67":1,"68":1,"69":1,"70":0,"71":11,"72":0,"73":0,"74":0,"75":0,"76":0},"f":{"0":20,"1":20,"2":0},"b":{"0":[1,19],"1":[20,19],"2":[0,19],"3":[20,0],"4":[20,20],"5":[0,20],"6":[20,20],"7":[0,20],"8":[20,1],"9":[0,20],"10":[1,19],"11":[20,20],"12":[2,18],"13":[20,18],"14":[2,16],"15":[3,13],"16":[0,13],"17":[11,2],"18":[12,1],"19":[4,9],"20":[2,11],"21":[13,11],"22":[13,12,0],"23":[12,1],"24":[2,10],"25":[11,0],"26":[11,11],"27":[1,10],"28":[0,11],"29":[11,11],"30":[0,0],"31":[0,11],"32":[10,1],"33":[1,10],"34":[1,0],"35":[1,1],"36":[0,1],"37":[1,1],"38":[0,0,0],"39":[0,0],"40":[0,0],"41":[0,0]}}
,"D:\\election\\src\\app\\api\\moderate\\route.ts": {"path":"D:\\election\\src\\app\\api\\moderate\\route.ts","statementMap":{"0":{"start":{"line":3,"column":0},"end":{"line":3,"column":7}},"1":{"start":{"line":1,"column":0},"end":{"line":1,"column":43}},"2":{"start":{"line":4,"column":2},"end":{"line":18,"column":3}},"3":{"start":{"line":5,"column":24},"end":{"line":5,"column":40}},"4":{"start":{"line":7,"column":4},"end":{"line":9,"column":5}},"5":{"start":{"line":8,"column":6},"end":{"line":8,"column":78}},"6":{"start":{"line":13,"column":4},"end":{"line":13,"column":57}},"7":{"start":{"line":16,"column":4},"end":{"line":16,"column":50}},"8":{"start":{"line":17,"column":4},"end":{"line":17,"column":57}}},"fnMap":{"0":{"name":"POST","decl":{"start":{"line":3,"column":22},"end":{"line":3,"column":26}},"loc":{"start":{"line":3,"column":39},"end":{"line":19,"column":1}}}},"branchMap":{"0":{"loc":{"start":{"line":7,"column":4},"end":{"line":9,"column":5}},"type":"if","locations":[{"start":{"line":7,"column":4},"end":{"line":9,"column":5}},{"start":{},"end":{}}]},"1":{"loc":{"start":{"line":7,"column":8},"end":{"line":7,"column":47}},"type":"binary-expr","locations":[{"start":{"line":7,"column":8},"end":{"line":7,"column":16}},{"start":{"line":7,"column":20},"end":{"line":7,"column":47}}]}},"s":{"0":0,"1":0,"2":0,"3":0,"4":0,"5":0,"6":0,"7":0,"8":0},"f":{"0":0},"b":{"0":[0,0],"1":[0,0]}}
,"D:\\election\\src\\app\\api\\news\\route.ts": {"path":"D:\\election\\src\\app\\api\\news\\route.ts","statementMap":{"0":{"start":{"line":3,"column":0},"end":{"line":3,"column":7}},"1":{"start":{"line":1,"column":0},"end":{"line":1,"column":43}},"2":{"start":{"line":4,"column":2},"end":{"line":34,"column":3}},"3":{"start":{"line":5,"column":29},"end":{"line":5,"column":45}},"4":{"start":{"line":6,"column":20},"end":{"line":6,"column":58}},"5":{"start":{"line":9,"column":4},"end":{"line":31,"column":7}},"6":{"start":{"line":33,"column":4},"end":{"line":33,"column":81}}},"fnMap":{"0":{"name":"GET","decl":{"start":{"line":3,"column":22},"end":{"line":3,"column":25}},"loc":{"start":{"line":3,"column":38},"end":{"line":35,"column":1}}}},"branchMap":{"0":{"loc":{"start":{"line":6,"column":20},"end":{"line":6,"column":58}},"type":"binary-expr","locations":[{"start":{"line":6,"column":20},"end":{"line":6,"column":47}},{"start":{"line":6,"column":51},"end":{"line":6,"column":58}}]}},"s":{"0":0,"1":0,"2":0,"3":0,"4":0,"5":0,"6":0},"f":{"0":0},"b":{"0":[0,0]}}
,"D:\\election\\src\\components\\AIChat.tsx": {"path":"D:\\election\\src\\components\\AIChat.tsx","statementMap":{"0":{"start":{"line":40,"column":0},"end":{"line":40,"column":24}},"1":{"start":{"line":3,"column":0},"end":{"line":3,"column":59}},"2":{"start":{"line":4,"column":0},"end":{"line":4,"column":63}},"3":{"start":{"line":5,"column":0},"end":{"line":5,"column":56}},"4":{"start":{"line":6,"column":0},"end":{"line":6,"column":50}},"5":{"start":{"line":7,"column":0},"end":{"line":7,"column":82}},"6":{"start":{"line":8,"column":0},"end":{"line":8,"column":32}},"7":{"start":{"line":9,"column":0},"end":{"line":9,"column":31}},"8":{"start":{"line":12,"column":0},"end":{"line":12,"column":47}},"9":{"start":{"line":13,"column":0},"end":{"line":13,"column":53}},"10":{"start":{"line":14,"column":0},"end":{"line":14,"column":45}},"11":{"start":{"line":16,"column":43},"end":{"line":21,"column":2}},"12":{"start":{"line":23,"column":54},"end":{"line":27,"column":2}},"13":{"start":{"line":29,"column":26},"end":{"line":29,"column":166}},"14":{"start":{"line":31,"column":48},"end":{"line":38,"column":2}},"15":{"start":{"line":41,"column":156},"end":{"line":41,"column":169}},"16":{"start":{"line":42,"column":34},"end":{"line":42,"column":57}},"17":{"start":{"line":43,"column":28},"end":{"line":43,"column":40}},"18":{"start":{"line":44,"column":34},"end":{"line":44,"column":49}},"19":{"start":{"line":45,"column":40},"end":{"line":45,"column":55}},"20":{"start":{"line":46,"column":38},"end":{"line":46,"column":53}},"21":{"start":{"line":47,"column":26},"end":{"line":47,"column":60}},"22":{"start":{"line":48,"column":40},"end":{"line":48,"column":55}},"23":{"start":{"line":49,"column":42},"end":{"line":49,"column":112}},"24":{"start":{"line":51,"column":25},"end":{"line":51,"column":53}},"25":{"start":{"line":52,"column":19},"end":{"line":52,"column":49}},"26":{"start":{"line":53,"column":23},"end":{"line":53,"column":53}},"27":{"start":{"line":54,"column":25},"end":{"line":54,"column":42}},"28":{"start":{"line":56,"column":25},"end":{"line":56,"column":94}},"29":{"start":{"line":56,"column":31},"end":{"line":56,"column":94}},"30":{"start":{"line":57,"column":2},"end":{"line":57,"column":63}},"31":{"start":{"line":57,"column":20},"end":{"line":57,"column":37}},"32":{"start":{"line":59,"column":2},"end":{"line":64,"column":23}},"33":{"start":{"line":60,"column":4},"end":{"line":63,"column":5}},"34":{"start":{"line":61,"column":6},"end":{"line":61,"column":34}},"35":{"start":{"line":62,"column":6},"end":{"line":62,"column":28}},"36":{"start":{"line":66,"column":26},"end":{"line":78,"column":3}},"37":{"start":{"line":67,"column":4},"end":{"line":77,"column":37}},"38":{"start":{"line":68,"column":6},"end":{"line":76,"column":7}},"39":{"start":{"line":69,"column":22},"end":{"line":69,"column":66}},"40":{"start":{"line":69,"column":48},"end":{"line":69,"column":65}},"41":{"start":{"line":70,"column":8},"end":{"line":73,"column":9}},"42":{"start":{"line":71,"column":21},"end":{"line":71,"column":96}},"43":{"start":{"line":72,"column":10},"end":{"line":72,"column":38}},"44":{"start":{"line":75,"column":8},"end":{"line":75,"column":72}},"45":{"start":{"line":77,"column":18},"end":{"line":77,"column":35}},"46":{"start":{"line":80,"column":27},"end":{"line":90,"column":3}},"47":{"start":{"line":81,"column":17},"end":{"line":81,"column":36}},"48":{"start":{"line":82,"column":4},"end":{"line":82,"column":22}},"49":{"start":{"line":82,"column":15},"end":{"line":82,"column":22}},"50":{"start":{"line":83,"column":19},"end":{"line":83,"column":35}},"51":{"start":{"line":84,"column":4},"end":{"line":87,"column":6}},"52":{"start":{"line":85,"column":21},"end":{"line":85,"column":51}},"53":{"start":{"line":86,"column":6},"end":{"line":86,"column":117}},"54":{"start":{"line":88,"column":4},"end":{"line":88,"column":31}},"55":{"start":{"line":89,"column":4},"end":{"line":89,"column":24}},"56":{"start":{"line":92,"column":21},"end":{"line":137,"column":3}},"57":{"start":{"line":93,"column":17},"end":{"line":93,"column":46}},"58":{"start":{"line":94,"column":4},"end":{"line":94,"column":39}},"59":{"start":{"line":94,"column":32},"end":{"line":94,"column":39}},"60":{"start":{"line":95,"column":4},"end":{"line":95,"column":25}},"61":{"start":{"line":95,"column":18},"end":{"line":95,"column":25}},"62":{"start":{"line":97,"column":25},"end":{"line":97,"column":130}},"63":{"start":{"line":98,"column":4},"end":{"line":98,"column":116}},"64":{"start":{"line":98,"column":24},"end":{"line":98,"column":66}},"65":{"start":{"line":98,"column":67},"end":{"line":98,"column":114}},"66":{"start":{"line":100,"column":17},"end":{"line":102,"column":null}},"67":{"start":{"line":105,"column":20},"end":{"line":105,"column":42}},"68":{"start":{"line":106,"column":4},"end":{"line":106,"column":25}},"69":{"start":{"line":107,"column":4},"end":{"line":107,"column":17}},"70":{"start":{"line":108,"column":4},"end":{"line":108,"column":26}},"71":{"start":{"line":109,"column":4},"end":{"line":109,"column":22}},"72":{"start":{"line":111,"column":4},"end":{"line":136,"column":37}},"73":{"start":{"line":112,"column":18},"end":{"line":112,"column":142}},"74":{"start":{"line":113,"column":19},"end":{"line":113,"column":35}},"75":{"start":{"line":114,"column":27},"end":{"line":114,"column":66}},"76":{"start":{"line":116,"column":36},"end":{"line":116,"column":40}},"77":{"start":{"line":117,"column":6},"end":{"line":119,"column":7}},"78":{"start":{"line":118,"column":8},"end":{"line":118,"column":150}},"79":{"start":{"line":121,"column":24},"end":{"line":121,"column":208}},"80":{"start":{"line":122,"column":20},"end":{"line":122,"column":46}},"81":{"start":{"line":123,"column":6},"end":{"line":123,"column":25}},"82":{"start":{"line":124,"column":6},"end":{"line":124,"column":35}},"83":{"start":{"line":126,"column":6},"end":{"line":133,"column":7}},"84":{"start":{"line":127,"column":8},"end":{"line":127,"column":40}},"85":{"start":{"line":128,"column":20},"end":{"line":128,"column":62}},"86":{"start":{"line":129,"column":8},"end":{"line":129,"column":51}},"87":{"start":{"line":130,"column":8},"end":{"line":130,"column":48}},"88":{"start":{"line":130,"column":28},"end":{"line":130,"column":47}},"89":{"start":{"line":131,"column":8},"end":{"line":131,"column":47}},"90":{"start":{"line":131,"column":26},"end":{"line":131,"column":46}},"91":{"start":{"line":132,"column":8},"end":{"line":132,"column":42}},"92":{"start":{"line":135,"column":6},"end":{"line":135,"column":145}},"93":{"start":{"line":135,"column":26},"end":{"line":135,"column":143}},"94":{"start":{"line":136,"column":16},"end":{"line":136,"column":35}},"95":{"start":{"line":139,"column":30},"end":{"line":142,"column":3}},"96":{"start":{"line":140,"column":17},"end":{"line":140,"column":69}},"97":{"start":{"line":140,"column":51},"end":{"line":140,"column":68}},"98":{"start":{"line":141,"column":4},"end":{"line":141,"column":114}},"99":{"start":{"line":141,"column":14},"end":{"line":141,"column":114}},"100":{"start":{"line":144,"column":23},"end":{"line":144,"column":87}},"101":{"start":{"line":144,"column":31},"end":{"line":144,"column":63}},"102":{"start":{"line":144,"column":64},"end":{"line":144,"column":85}},"103":{"start":{"line":146,"column":25},"end":{"line":157,"column":3}},"104":{"start":{"line":147,"column":16},"end":{"line":147,"column":91}},"105":{"start":{"line":148,"column":4},"end":{"line":148,"column":20}},"106":{"start":{"line":148,"column":13},"end":{"line":148,"column":20}},"107":{"start":{"line":149,"column":4},"end":{"line":149,"column":64}},"108":{"start":{"line":149,"column":23},"end":{"line":149,"column":54}},"109":{"start":{"line":149,"column":55},"end":{"line":149,"column":62}},"110":{"start":{"line":150,"column":16},"end":{"line":150,"column":24}},"111":{"start":{"line":151,"column":4},"end":{"line":151,"column":33}},"112":{"start":{"line":152,"column":4},"end":{"line":152,"column":47}},"113":{"start":{"line":153,"column":4},"end":{"line":153,"column":45}},"114":{"start":{"line":153,"column":24},"end":{"line":153,"column":44}},"115":{"start":{"line":154,"column":4},"end":{"line":154,"column":98}},"116":{"start":{"line":154,"column":33},"end":{"line":154,"column":55}},"117":{"start":{"line":154,"column":56},"end":{"line":154,"column":95}},"118":{"start":{"line":155,"column":4},"end":{"line":155,"column":46}},"119":{"start":{"line":155,"column":24},"end":{"line":155,"column":45}},"120":{"start":{"line":156,"column":4},"end":{"line":156,"column":16}},"121":{"start":{"line":159,"column":22},"end":{"line":159,"column":123}},"122":{"start":{"line":161,"column":2},"end":{"line":230,"column":4}},"123":{"start":{"line":167,"column":58},"end":{"line":167,"column":74}},"124":{"start":{"line":167,"column":75},"end":{"line":167,"column":105}},"125":{"start":{"line":208,"column":43},"end":{"line":208,"column":59}},"126":{"start":{"line":208,"column":74},"end":{"line":208,"column":87}},"127":{"start":{"line":214,"column":35},"end":{"line":214,"column":63}},"128":{"start":{"line":228,"column":51},"end":{"line":228,"column":72}}},"fnMap":{"0":{"name":"AIChat","decl":{"start":{"line":40,"column":24},"end":{"line":40,"column":30}},"loc":{"start":{"line":40,"column":30},"end":{"line":231,"column":1}}},"1":{"name":"(anonymous_11)","decl":{"start":{"line":56,"column":25},"end":{"line":56,"column":28}},"loc":{"start":{"line":56,"column":30},"end":{"line":56,"column":94}}},"2":{"name":"(anonymous_12)","decl":{"start":{"line":57,"column":12},"end":{"line":57,"column":15}},"loc":{"start":{"line":57,"column":17},"end":{"line":57,"column":39}}},"3":{"name":"(anonymous_13)","decl":{"start":{"line":59,"column":12},"end":{"line":59,"column":15}},"loc":{"start":{"line":59,"column":17},"end":{"line":64,"column":3}}},"4":{"name":"(anonymous_14)","decl":{"start":{"line":66,"column":26},"end":{"line":66,"column":31}},"loc":{"start":{"line":66,"column":63},"end":{"line":78,"column":3}}},"5":{"name":"(anonymous_15)","decl":{"start":{"line":69,"column":43},"end":{"line":69,"column":44}},"loc":{"start":{"line":69,"column":48},"end":{"line":69,"column":65}}},"6":{"name":"(anonymous_16)","decl":{"start":{"line":80,"column":27},"end":{"line":80,"column":28}},"loc":{"start":{"line":80,"column":70},"end":{"line":90,"column":3}}},"7":{"name":"(anonymous_17)","decl":{"start":{"line":84,"column":20},"end":{"line":84,"column":21}},"loc":{"start":{"line":84,"column":30},"end":{"line":87,"column":5}}},"8":{"name":"(anonymous_18)","decl":{"start":{"line":92,"column":21},"end":{"line":92,"column":26}},"loc":{"start":{"line":92,"column":52},"end":{"line":137,"column":3}}},"9":{"name":"(anonymous_19)","decl":{"start":{"line":130,"column":22},"end":{"line":130,"column":25}},"loc":{"start":{"line":130,"column":28},"end":{"line":130,"column":47}}},"10":{"name":"(anonymous_20)","decl":{"start":{"line":131,"column":20},"end":{"line":131,"column":23}},"loc":{"start":{"line":131,"column":26},"end":{"line":131,"column":46}}},"11":{"name":"(anonymous_21)","decl":{"start":{"line":135,"column":18},"end":{"line":135,"column":22}},"loc":{"start":{"line":135,"column":26},"end":{"line":135,"column":143}}},"12":{"name":"(anonymous_22)","decl":{"start":{"line":139,"column":30},"end":{"line":139,"column":33}},"loc":{"start":{"line":139,"column":35},"end":{"line":142,"column":3}}},"13":{"name":"(anonymous_23)","decl":{"start":{"line":140,"column":46},"end":{"line":140,"column":47}},"loc":{"start":{"line":140,"column":51},"end":{"line":140,"column":68}}},"14":{"name":"(anonymous_24)","decl":{"start":{"line":144,"column":23},"end":{"line":144,"column":26}},"loc":{"start":{"line":144,"column":28},"end":{"line":144,"column":87}}},"15":{"name":"(anonymous_25)","decl":{"start":{"line":146,"column":25},"end":{"line":146,"column":28}},"loc":{"start":{"line":146,"column":30},"end":{"line":157,"column":3}}},"16":{"name":"(anonymous_26)","decl":{"start":{"line":153,"column":18},"end":{"line":153,"column":21}},"loc":{"start":{"line":153,"column":24},"end":{"line":153,"column":44}}},"17":{"name":"(anonymous_27)","decl":{"start":{"line":154,"column":19},"end":{"line":154,"column":20}},"loc":{"start":{"line":154,"column":30},"end":{"line":154,"column":97}}},"18":{"name":"(anonymous_28)","decl":{"start":{"line":155,"column":18},"end":{"line":155,"column":21}},"loc":{"start":{"line":155,"column":24},"end":{"line":155,"column":45}}},"19":{"name":"(anonymous_29)","decl":{"start":{"line":167,"column":51},"end":{"line":167,"column":54}},"loc":{"start":{"line":167,"column":56},"end":{"line":167,"column":106}}},"20":{"name":"(anonymous_30)","decl":{"start":{"line":208,"column":33},"end":{"line":208,"column":34}},"loc":{"start":{"line":208,"column":43},"end":{"line":208,"column":59}}},"21":{"name":"(anonymous_31)","decl":{"start":{"line":208,"column":68},"end":{"line":208,"column":71}},"loc":{"start":{"line":208,"column":74},"end":{"line":208,"column":87}}},"22":{"name":"(anonymous_32)","decl":{"start":{"line":214,"column":26},"end":{"line":214,"column":27}},"loc":{"start":{"line":214,"column":35},"end":{"line":214,"column":63}}},"23":{"name":"(anonymous_33)","decl":{"start":{"line":228,"column":45},"end":{"line":228,"column":48}},"loc":{"start":{"line":228,"column":51},"end":{"line":228,"column":72}}}},"branchMap":{"0":{"loc":{"start":{"line":56,"column":31},"end":{"line":56,"column":93}},"type":"cond-expr","locations":[{"start":{"line":56,"column":53},"end":{"line":56,"column":55}},{"start":{"line":56,"column":53},"end":{"line":56,"column":93}}]},"1":{"loc":{"start":{"line":56,"column":31},"end":{"line":56,"column":55}},"type":"binary-expr","locations":[{"start":{"line":56,"column":31},"end":{"line":56,"column":55}},{"start":{"line":56,"column":53},"end":{"line":56,"column":55}}]},"2":{"loc":{"start":{"line":60,"column":4},"end":{"line":63,"column":5}},"type":"if","locations":[{"start":{"line":60,"column":4},"end":{"line":63,"column":5}},{"start":{},"end":{}}]},"3":{"loc":{"start":{"line":60,"column":8},"end":{"line":60,"column":51}},"type":"binary-expr","locations":[{"start":{"line":60,"column":8},"end":{"line":60,"column":22}},{"start":{"line":60,"column":26},"end":{"line":60,"column":51}}]},"4":{"loc":{"start":{"line":68,"column":6},"end":{"line":76,"column":7}},"type":"if","locations":[{"start":{"line":68,"column":6},"end":{"line":76,"column":7}},{"start":{"line":74,"column":13},"end":{"line":76,"column":7}}]},"5":{"loc":{"start":{"line":70,"column":8},"end":{"line":73,"column":9}},"type":"if","locations":[{"start":{"line":70,"column":8},"end":{"line":73,"column":9}},{"start":{},"end":{}}]},"6":{"loc":{"start":{"line":81,"column":17},"end":{"line":81,"column":36}},"type":"cond-expr","locations":[{"start":{"line":81,"column":31},"end":{"line":81,"column":34}},{"start":{"line":81,"column":31},"end":{"line":81,"column":36}}]},"7":{"loc":{"start":{"line":81,"column":17},"end":{"line":81,"column":34}},"type":"binary-expr","locations":[{"start":{"line":81,"column":17},"end":{"line":81,"column":34}},{"start":{"line":81,"column":31},"end":{"line":81,"column":34}}]},"8":{"loc":{"start":{"line":82,"column":4},"end":{"line":82,"column":22}},"type":"if","locations":[{"start":{"line":82,"column":4},"end":{"line":82,"column":22}},{"start":{},"end":{}}]},"9":{"loc":{"start":{"line":85,"column":21},"end":{"line":85,"column":51}},"type":"cond-expr","locations":[{"start":{"line":85,"column":33},"end":{"line":85,"column":35}},{"start":{"line":85,"column":33},"end":{"line":85,"column":51}}]},"10":{"loc":{"start":{"line":85,"column":21},"end":{"line":85,"column":35}},"type":"binary-expr","locations":[{"start":{"line":85,"column":21},"end":{"line":85,"column":35}},{"start":{"line":85,"column":33},"end":{"line":85,"column":35}}]},"11":{"loc":{"start":{"line":86,"column":69},"end":{"line":86,"column":113}},"type":"cond-expr","locations":[{"start":{"line":86,"column":102},"end":{"line":86,"column":108}},{"start":{"line":86,"column":111},"end":{"line":86,"column":113}}]},"12":{"loc":{"start":{"line":93,"column":18},"end":{"line":93,"column":38}},"type":"binary-expr","locations":[{"start":{"line":93,"column":18},"end":{"line":93,"column":29}},{"start":{"line":93,"column":33},"end":{"line":93,"column":38}}]},"13":{"loc":{"start":{"line":94,"column":4},"end":{"line":94,"column":39}},"type":"if","locations":[{"start":{"line":94,"column":4},"end":{"line":94,"column":39}},{"start":{},"end":{}}]},"14":{"loc":{"start":{"line":94,"column":8},"end":{"line":94,"column":30}},"type":"binary-expr","locations":[{"start":{"line":94,"column":8},"end":{"line":94,"column":13}},{"start":{"line":94,"column":17},"end":{"line":94,"column":30}}]},"15":{"loc":{"start":{"line":95,"column":4},"end":{"line":95,"column":25}},"type":"if","locations":[{"start":{"line":95,"column":4},"end":{"line":95,"column":25}},{"start":{},"end":{}}]},"16":{"loc":{"start":{"line":97,"column":36},"end":{"line":97,"column":64}},"type":"binary-expr","locations":[{"start":{"line":97,"column":36},"end":{"line":97,"column":40}},{"start":{"line":97,"column":44},"end":{"line":97,"column":64}}]},"17":{"loc":{"start":{"line":98,"column":4},"end":{"line":98,"column":116}},"type":"if","locations":[{"start":{"line":98,"column":4},"end":{"line":98,"column":116}},{"start":{},"end":{}}]},"18":{"loc":{"start":{"line":101,"column":56},"end":{"line":101,"column":104}},"type":"binary-expr","locations":[{"start":{"line":101,"column":56},"end":{"line":101,"column":60}},{"start":{"line":101,"column":64},"end":{"line":101,"column":104}}]},"19":{"loc":{"start":{"line":101,"column":78},"end":{"line":101,"column":101}},"type":"cond-expr","locations":[{"start":{"line":101,"column":90},"end":{"line":101,"column":92}},{"start":{"line":101,"column":78},"end":{"line":101,"column":101}}]},"20":{"loc":{"start":{"line":101,"column":78},"end":{"line":101,"column":92}},"type":"binary-expr","locations":[{"start":{"line":101,"column":78},"end":{"line":101,"column":92}},{"start":{"line":101,"column":78},"end":{"line":101,"column":92}}]},"21":{"loc":{"start":{"line":102,"column":10},"end":{"line":102,"column":73}},"type":"cond-expr","locations":[{"start":{"line":102,"column":34},"end":{"line":102,"column":68}},{"start":{"line":102,"column":71},"end":{"line":102,"column":73}}]},"22":{"loc":{"start":{"line":102,"column":10},"end":{"line":102,"column":31}},"type":"cond-expr","locations":[{"start":{"line":102,"column":22},"end":{"line":102,"column":24}},{"start":{"line":102,"column":10},"end":{"line":102,"column":31}}]},"23":{"loc":{"start":{"line":102,"column":10},"end":{"line":102,"column":24}},"type":"binary-expr","locations":[{"start":{"line":102,"column":10},"end":{"line":102,"column":24}},{"start":{"line":102,"column":10},"end":{"line":102,"column":24}}]},"24":{"loc":{"start":{"line":114,"column":27},"end":{"line":114,"column":66}},"type":"binary-expr","locations":[{"start":{"line":114,"column":27},"end":{"line":114,"column":40}},{"start":{"line":114,"column":44},"end":{"line":114,"column":66}}]},"25":{"loc":{"start":{"line":117,"column":6},"end":{"line":119,"column":7}},"type":"if","locations":[{"start":{"line":117,"column":6},"end":{"line":119,"column":7}},{"start":{},"end":{}}]},"26":{"loc":{"start":{"line":117,"column":10},"end":{"line":117,"column":46}},"type":"binary-expr","locations":[{"start":{"line":117,"column":10},"end":{"line":117,"column":26}},{"start":{"line":117,"column":30},"end":{"line":117,"column":46}}]},"27":{"loc":{"start":{"line":121,"column":177},"end":{"line":121,"column":205}},"type":"cond-expr","locations":[{"start":{"line":121,"column":188},"end":{"line":121,"column":200}},{"start":{"line":121,"column":203},"end":{"line":121,"column":205}}]},"28":{"loc":{"start":{"line":126,"column":6},"end":{"line":133,"column":7}},"type":"if","locations":[{"start":{"line":126,"column":6},"end":{"line":133,"column":7}},{"start":{},"end":{}}]},"29":{"loc":{"start":{"line":126,"column":10},"end":{"line":126,"column":57}},"type":"binary-expr","locations":[{"start":{"line":126,"column":10},"end":{"line":126,"column":24}},{"start":{"line":126,"column":28},"end":{"line":126,"column":57}}]},"30":{"loc":{"start":{"line":129,"column":19},"end":{"line":129,"column":50}},"type":"binary-expr","locations":[{"start":{"line":129,"column":19},"end":{"line":129,"column":39}},{"start":{"line":129,"column":43},"end":{"line":129,"column":50}}]},"31":{"loc":{"start":{"line":141,"column":4},"end":{"line":141,"column":114}},"type":"if","locations":[{"start":{"line":141,"column":4},"end":{"line":141,"column":114}},{"start":{},"end":{}}]},"32":{"loc":{"start":{"line":147,"column":16},"end":{"line":147,"column":91}},"type":"binary-expr","locations":[{"start":{"line":147,"column":16},"end":{"line":147,"column":48}},{"start":{"line":147,"column":53},"end":{"line":147,"column":91}}]},"33":{"loc":{"start":{"line":148,"column":4},"end":{"line":148,"column":20}},"type":"if","locations":[{"start":{"line":148,"column":4},"end":{"line":148,"column":20}},{"start":{},"end":{}}]},"34":{"loc":{"start":{"line":149,"column":4},"end":{"line":149,"column":64}},"type":"if","locations":[{"start":{"line":149,"column":4},"end":{"line":149,"column":64}},{"start":{},"end":{}}]},"35":{"loc":{"start":{"line":149,"column":23},"end":{"line":149,"column":53}},"type":"cond-expr","locations":[{"start":{"line":149,"column":45},"end":{"line":149,"column":47}},{"start":{"line":149,"column":45},"end":{"line":149,"column":53}}]},"36":{"loc":{"start":{"line":149,"column":23},"end":{"line":149,"column":47}},"type":"binary-expr","locations":[{"start":{"line":149,"column":23},"end":{"line":149,"column":47}},{"start":{"line":149,"column":45},"end":{"line":149,"column":47}}]},"37":{"loc":{"start":{"line":152,"column":15},"end":{"line":152,"column":46}},"type":"binary-expr","locations":[{"start":{"line":152,"column":15},"end":{"line":152,"column":35}},{"start":{"line":152,"column":39},"end":{"line":152,"column":46}}]},"38":{"loc":{"start":{"line":159,"column":22},"end":{"line":159,"column":123}},"type":"cond-expr","locations":[{"start":{"line":159,"column":41},"end":{"line":159,"column":58}},{"start":{"line":159,"column":62},"end":{"line":159,"column":122}}]},"39":{"loc":{"start":{"line":159,"column":62},"end":{"line":159,"column":122}},"type":"binary-expr","locations":[{"start":{"line":159,"column":62},"end":{"line":159,"column":91}},{"start":{"line":159,"column":95},"end":{"line":159,"column":122}}]},"40":{"loc":{"start":{"line":172,"column":9},"end":{"line":217,"column":null}},"type":"cond-expr","locations":[{"start":{"line":173,"column":10},"end":{"line":210,"column":null}},{"start":{"line":213,"column":10},"end":{"line":216,"column":null}}]},"41":{"loc":{"start":{"line":185,"column":23},"end":{"line":185,"column":71}},"type":"binary-expr","locations":[{"start":{"line":185,"column":23},"end":{"line":185,"column":47}},{"start":{"line":185,"column":51},"end":{"line":185,"column":71}}]},"42":{"loc":{"start":{"line":199,"column":197},"end":{"line":199,"column":283}},"type":"cond-expr","locations":[{"start":{"line":199,"column":216},"end":{"line":199,"column":250}},{"start":{"line":199,"column":253},"end":{"line":199,"column":283}}]},"43":{"loc":{"start":{"line":200,"column":17},"end":{"line":200,"column":127}},"type":"cond-expr","locations":[{"start":{"line":200,"column":36},"end":{"line":200,"column":81}},{"start":{"line":200,"column":84},"end":{"line":200,"column":127}}]},"44":{"loc":{"start":{"line":202,"column":81},"end":{"line":202,"column":159}},"type":"cond-expr","locations":[{"start":{"line":202,"column":100},"end":{"line":202,"column":129}},{"start":{"line":202,"column":132},"end":{"line":202,"column":159}}]},"45":{"loc":{"start":{"line":215,"column":13},"end":{"line":215,"column":296}},"type":"binary-expr","locations":[{"start":{"line":215,"column":13},"end":{"line":215,"column":21}},{"start":{"line":215,"column":25},"end":{"line":215,"column":296}}]}},"s":{"0":0,"1":0,"2":0,"3":0,"4":0,"5":0,"6":0,"7":0,"8":0,"9":0,"10":0,"11":0,"12":0,"13":0,"14":0,"15":0,"16":0,"17":0,"18":0,"19":0,"20":0,"21":0,"22":0,"23":0,"24":0,"25":0,"26":0,"27":0,"28":0,"29":0,"30":0,"31":0,"32":0,"33":0,"34":0,"35":0,"36":0,"37":0,"38":0,"39":0,"40":0,"41":0,"42":0,"43":0,"44":0,"45":0,"46":0,"47":0,"48":0,"49":0,"50":0,"51":0,"52":0,"53":0,"54":0,"55":0,"56":0,"57":0,"58":0,"59":0,"60":0,"61":0,"62":0,"63":0,"64":0,"65":0,"66":0,"67":0,"68":0,"69":0,"70":0,"71":0,"72":0,"73":0,"74":0,"75":0,"76":0,"77":0,"78":0,"79":0,"80":0,"81":0,"82":0,"83":0,"84":0,"85":0,"86":0,"87":0,"88":0,"89":0,"90":0,"91":0,"92":0,"93":0,"94":0,"95":0,"96":0,"97":0,"98":0,"99":0,"100":0,"101":0,"102":0,"103":0,"104":0,"105":0,"106":0,"107":0,"108":0,"109":0,"110":0,"111":0,"112":0,"113":0,"114":0,"115":0,"116":0,"117":0,"118":0,"119":0,"120":0,"121":0,"122":0,"123":0,"124":0,"125":0,"126":0,"127":0,"128":0},"f":{"0":0,"1":0,"2":0,"3":0,"4":0,"5":0,"6":0,"7":0,"8":0,"9":0,"10":0,"11":0,"12":0,"13":0,"14":0,"15":0,"16":0,"17":0,"18":0,"19":0,"20":0,"21":0,"22":0,"23":0},"b":{"0":[0,0],"1":[0,0],"2":[0,0],"3":[0,0],"4":[0,0],"5":[0,0],"6":[0,0],"7":[0,0],"8":[0,0],"9":[0,0],"10":[0,0],"11":[0,0],"12":[0,0],"13":[0,0],"14":[0,0],"15":[0,0],"16":[0,0],"17":[0,0],"18":[0,0],"19":[0,0],"20":[0,0],"21":[0,0],"22":[0,0],"23":[0,0],"24":[0,0],"25":[0,0],"26":[0,0],"27":[0,0],"28":[0,0],"29":[0,0],"30":[0,0],"31":[0,0],"32":[0,0],"33":[0,0],"34":[0,0],"35":[0,0],"36":[0,0],"37":[0,0],"38":[0,0],"39":[0,0],"40":[0,0],"41":[0,0],"42":[0,0],"43":[0,0],"44":[0,0],"45":[0,0]}}
,"D:\\election\\src\\components\\CardsRow.tsx": {"path":"D:\\election\\src\\components\\CardsRow.tsx","statementMap":{"0":{"start":{"line":47,"column":0},"end":{"line":47,"column":24}},"1":{"start":{"line":3,"column":0},"end":{"line":3,"column":53}},"2":{"start":{"line":4,"column":0},"end":{"line":4,"column":39}},"3":{"start":{"line":5,"column":0},"end":{"line":5,"column":50}},"4":{"start":{"line":6,"column":0},"end":{"line":6,"column":72}},"5":{"start":{"line":7,"column":0},"end":{"line":7,"column":56}},"6":{"start":{"line":8,"column":0},"end":{"line":8,"column":60}},"7":{"start":{"line":9,"column":0},"end":{"line":9,"column":78}},"8":{"start":{"line":10,"column":0},"end":{"line":10,"column":66}},"9":{"start":{"line":11,"column":0},"end":{"line":11,"column":76}},"10":{"start":{"line":12,"column":0},"end":{"line":12,"column":50}},"11":{"start":{"line":15,"column":14},"end":{"line":28,"column":2}},"12":{"start":{"line":31,"column":111},"end":{"line":45,"column":2}},"13":{"start":{"line":48,"column":40},"end":{"line":48,"column":108}},"14":{"start":{"line":49,"column":36},"end":{"line":49,"column":47}},"15":{"start":{"line":50,"column":44},"end":{"line":50,"column":55}},"16":{"start":{"line":51,"column":32},"end":{"line":51,"column":61}},"17":{"start":{"line":52,"column":42},"end":{"line":52,"column":57}},"18":{"start":{"line":53,"column":22},"end":{"line":53,"column":35}},"19":{"start":{"line":55,"column":21},"end":{"line":55,"column":94}},"20":{"start":{"line":55,"column":29},"end":{"line":55,"column":50}},"21":{"start":{"line":55,"column":51},"end":{"line":55,"column":68}},"22":{"start":{"line":55,"column":69},"end":{"line":55,"column":92}},"23":{"start":{"line":57,"column":19},"end":{"line":60,"column":8}},"24":{"start":{"line":58,"column":4},"end":{"line":58,"column":24}},"25":{"start":{"line":59,"column":4},"end":{"line":59,"column":46}},"26":{"start":{"line":59,"column":22},"end":{"line":59,"column":44}},"27":{"start":{"line":62,"column":19},"end":{"line":65,"column":8}},"28":{"start":{"line":63,"column":4},"end":{"line":63,"column":25}},"29":{"start":{"line":64,"column":4},"end":{"line":64,"column":61}},"30":{"start":{"line":64,"column":22},"end":{"line":64,"column":59}},"31":{"start":{"line":67,"column":15},"end":{"line":67,"column":63}},"32":{"start":{"line":68,"column":15},"end":{"line":68,"column":31}},"33":{"start":{"line":70,"column":2},"end":{"line":286,"column":4}},"34":{"start":{"line":77,"column":25},"end":{"line":77,"column":47}},"35":{"start":{"line":101,"column":25},"end":{"line":101,"column":52}},"36":{"start":{"line":120,"column":25},"end":{"line":120,"column":48}},"37":{"start":{"line":139,"column":25},"end":{"line":139,"column":53}},"38":{"start":{"line":207,"column":35},"end":{"line":207,"column":75}},"39":{"start":{"line":213,"column":35},"end":{"line":213,"column":71}},"40":{"start":{"line":228,"column":74},"end":{"line":228,"column":88}},"41":{"start":{"line":228,"column":89},"end":{"line":228,"column":111}},"42":{"start":{"line":229,"column":87},"end":{"line":229,"column":101}},"43":{"start":{"line":229,"column":102},"end":{"line":229,"column":124}},"44":{"start":{"line":230,"column":78},"end":{"line":230,"column":92}},"45":{"start":{"line":230,"column":93},"end":{"line":230,"column":115}},"46":{"start":{"line":232,"column":78},"end":{"line":232,"column":92}},"47":{"start":{"line":232,"column":93},"end":{"line":232,"column":115}},"48":{"start":{"line":245,"column":22},"end":{"line":245,"column":42}},"49":{"start":{"line":247,"column":42},"end":{"line":247,"column":60}},"50":{"start":{"line":256,"column":35},"end":{"line":256,"column":67}}},"fnMap":{"0":{"name":"CardsRow","decl":{"start":{"line":47,"column":24},"end":{"line":47,"column":32}},"loc":{"start":{"line":47,"column":32},"end":{"line":287,"column":1}}},"1":{"name":"(anonymous_11)","decl":{"start":{"line":55,"column":21},"end":{"line":55,"column":24}},"loc":{"start":{"line":55,"column":26},"end":{"line":55,"column":94}}},"2":{"name":"(anonymous_12)","decl":{"start":{"line":57,"column":31},"end":{"line":57,"column":34}},"loc":{"start":{"line":57,"column":36},"end":{"line":60,"column":3}}},"3":{"name":"(anonymous_13)","decl":{"start":{"line":59,"column":17},"end":{"line":59,"column":18}},"loc":{"start":{"line":59,"column":22},"end":{"line":59,"column":44}}},"4":{"name":"(anonymous_14)","decl":{"start":{"line":62,"column":31},"end":{"line":62,"column":34}},"loc":{"start":{"line":62,"column":36},"end":{"line":65,"column":3}}},"5":{"name":"(anonymous_15)","decl":{"start":{"line":64,"column":17},"end":{"line":64,"column":18}},"loc":{"start":{"line":64,"column":22},"end":{"line":64,"column":59}}},"6":{"name":"(anonymous_16)","decl":{"start":{"line":77,"column":19},"end":{"line":77,"column":22}},"loc":{"start":{"line":77,"column":25},"end":{"line":77,"column":47}}},"7":{"name":"(anonymous_17)","decl":{"start":{"line":101,"column":19},"end":{"line":101,"column":22}},"loc":{"start":{"line":101,"column":25},"end":{"line":101,"column":52}}},"8":{"name":"(anonymous_18)","decl":{"start":{"line":120,"column":19},"end":{"line":120,"column":22}},"loc":{"start":{"line":120,"column":25},"end":{"line":120,"column":48}}},"9":{"name":"(anonymous_19)","decl":{"start":{"line":139,"column":19},"end":{"line":139,"column":22}},"loc":{"start":{"line":139,"column":25},"end":{"line":139,"column":53}}},"10":{"name":"(anonymous_20)","decl":{"start":{"line":207,"column":29},"end":{"line":207,"column":32}},"loc":{"start":{"line":207,"column":35},"end":{"line":207,"column":75}}},"11":{"name":"(anonymous_21)","decl":{"start":{"line":213,"column":29},"end":{"line":213,"column":32}},"loc":{"start":{"line":213,"column":35},"end":{"line":213,"column":71}}},"12":{"name":"(anonymous_22)","decl":{"start":{"line":228,"column":65},"end":{"line":228,"column":66}},"loc":{"start":{"line":228,"column":71},"end":{"line":228,"column":113}}},"13":{"name":"(anonymous_23)","decl":{"start":{"line":229,"column":78},"end":{"line":229,"column":79}},"loc":{"start":{"line":229,"column":84},"end":{"line":229,"column":126}}},"14":{"name":"(anonymous_24)","decl":{"start":{"line":230,"column":69},"end":{"line":230,"column":70}},"loc":{"start":{"line":230,"column":75},"end":{"line":230,"column":117}}},"15":{"name":"(anonymous_25)","decl":{"start":{"line":232,"column":69},"end":{"line":232,"column":70}},"loc":{"start":{"line":232,"column":75},"end":{"line":232,"column":117}}},"16":{"name":"(anonymous_26)","decl":{"start":{"line":244,"column":26},"end":{"line":244,"column":27}},"loc":{"start":{"line":245,"column":22},"end":{"line":245,"column":42}}},"17":{"name":"(anonymous_27)","decl":{"start":{"line":247,"column":36},"end":{"line":247,"column":39}},"loc":{"start":{"line":247,"column":42},"end":{"line":247,"column":60}}},"18":{"name":"(anonymous_28)","decl":{"start":{"line":256,"column":29},"end":{"line":256,"column":32}},"loc":{"start":{"line":256,"column":35},"end":{"line":256,"column":67}}}},"branchMap":{"0":{"loc":{"start":{"line":67,"column":15},"end":{"line":67,"column":63}},"type":"binary-expr","locations":[{"start":{"line":67,"column":15},"end":{"line":67,"column":37}},{"start":{"line":67,"column":41},"end":{"line":67,"column":63}}]},"1":{"loc":{"start":{"line":226,"column":11},"end":{"line":276,"column":null}},"type":"cond-expr","locations":[{"start":{"line":227,"column":12},"end":{"line":227,"column":null}},{"start":{"line":266,"column":12},"end":{"line":275,"column":null}}]},"2":{"loc":{"start":{"line":228,"column":15},"end":{"line":228,"column":117}},"type":"binary-expr","locations":[{"start":{"line":228,"column":15},"end":{"line":228,"column":34}},{"start":{"line":228,"column":38},"end":{"line":228,"column":117}}]},"3":{"loc":{"start":{"line":229,"column":15},"end":{"line":229,"column":130}},"type":"binary-expr","locations":[{"start":{"line":229,"column":15},"end":{"line":229,"column":38}},{"start":{"line":229,"column":42},"end":{"line":229,"column":130}}]},"4":{"loc":{"start":{"line":230,"column":15},"end":{"line":230,"column":121}},"type":"binary-expr","locations":[{"start":{"line":230,"column":15},"end":{"line":230,"column":35}},{"start":{"line":230,"column":39},"end":{"line":230,"column":121}}]},"5":{"loc":{"start":{"line":231,"column":15},"end":{"line":232,"column":null}},"type":"binary-expr","locations":[{"start":{"line":231,"column":15},"end":{"line":231,"column":68}},{"start":{"line":232,"column":16},"end":{"line":232,"column":121}}]},"6":{"loc":{"start":{"line":235,"column":15},"end":{"line":262,"column":null}},"type":"binary-expr","locations":[{"start":{"line":235,"column":15},"end":{"line":235,"column":101}},{"start":{"line":236,"column":16},"end":{"line":261,"column":null}}]},"7":{"loc":{"start":{"line":245,"column":136},"end":{"line":245,"column":252}},"type":"cond-expr","locations":[{"start":{"line":245,"column":157},"end":{"line":245,"column":190}},{"start":{"line":245,"column":193},"end":{"line":245,"column":252}}]},"8":{"loc":{"start":{"line":256,"column":35},"end":{"line":256,"column":67}},"type":"binary-expr","locations":[{"start":{"line":256,"column":35},"end":{"line":256,"column":42}},{"start":{"line":256,"column":46},"end":{"line":256,"column":67}}]}},"s":{"0":0,"1":0,"2":0,"3":0,"4":0,"5":0,"6":0,"7":0,"8":0,"9":0,"10":0,"11":0,"12":0,"13":0,"14":0,"15":0,"16":0,"17":0,"18":0,"19":0,"20":0,"21":0,"22":0,"23":0,"24":0,"25":0,"26":0,"27":0,"28":0,"29":0,"30":0,"31":0,"32":0,"33":0,"34":0,"35":0,"36":0,"37":0,"38":0,"39":0,"40":0,"41":0,"42":0,"43":0,"44":0,"45":0,"46":0,"47":0,"48":0,"49":0,"50":0},"f":{"0":0,"1":0,"2":0,"3":0,"4":0,"5":0,"6":0,"7":0,"8":0,"9":0,"10":0,"11":0,"12":0,"13":0,"14":0,"15":0,"16":0,"17":0,"18":0},"b":{"0":[0,0],"1":[0,0],"2":[0,0],"3":[0,0],"4":[0,0],"5":[0,0],"6":[0,0],"7":[0,0],"8":[0,0]}}
,"D:\\election\\src\\components\\ErrorBoundary.tsx": {"path":"D:\\election\\src\\components\\ErrorBoundary.tsx","statementMap":{"0":{"start":{"line":3,"column":0},"end":{"line":3,"column":52}},"1":{"start":{"line":10,"column":4},"end":{"line":10,"column":17}},"2":{"start":{"line":11,"column":4},"end":{"line":11,"column":50}},"3":{"start":{"line":15,"column":4},"end":{"line":15,"column":54}},"4":{"start":{"line":19,"column":4},"end":{"line":19,"column":65}},"5":{"start":{"line":23,"column":4},"end":{"line":43,"column":5}},"6":{"start":{"line":24,"column":6},"end":{"line":42,"column":8}},"7":{"start":{"line":36,"column":27},"end":{"line":36,"column":51}},"8":{"start":{"line":44,"column":4},"end":{"line":44,"column":31}},"9":{"start":{"line":8,"column":0},"end":{"line":8,"column":21}}},"fnMap":{"0":{"name":"(anonymous_9)","decl":{"start":{"line":9,"column":2},"end":{"line":9,"column":14}},"loc":{"start":{"line":9,"column":26},"end":{"line":12,"column":3}}},"1":{"name":"(anonymous_10)","decl":{"start":{"line":14,"column":2},"end":{"line":14,"column":8}},"loc":{"start":{"line":14,"column":46},"end":{"line":16,"column":3}}},"2":{"name":"(anonymous_11)","decl":{"start":{"line":18,"column":2},"end":{"line":18,"column":19}},"loc":{"start":{"line":18,"column":55},"end":{"line":20,"column":3}}},"3":{"name":"(anonymous_12)","decl":{"start":{"line":22,"column":2},"end":{"line":22,"column":8}},"loc":{"start":{"line":22,"column":8},"end":{"line":45,"column":3}}},"4":{"name":"(anonymous_13)","decl":{"start":{"line":36,"column":21},"end":{"line":36,"column":24}},"loc":{"start":{"line":36,"column":27},"end":{"line":36,"column":51}}}},"branchMap":{"0":{"loc":{"start":{"line":23,"column":4},"end":{"line":43,"column":5}},"type":"if","locations":[{"start":{"line":23,"column":4},"end":{"line":43,"column":5}},{"start":{},"end":{}}]}},"s":{"0":0,"1":0,"2":0,"3":0,"4":0,"5":0,"6":0,"7":0,"8":0,"9":0},"f":{"0":0,"1":0,"2":0,"3":0,"4":0},"b":{"0":[0,0]}}
,"D:\\election\\src\\components\\GuideMe.tsx": {"path":"D:\\election\\src\\components\\GuideMe.tsx","statementMap":{"0":{"start":{"line":37,"column":0},"end":{"line":37,"column":24}},"1":{"start":{"line":3,"column":0},"end":{"line":3,"column":40}},"2":{"start":{"line":4,"column":0},"end":{"line":4,"column":56}},"3":{"start":{"line":5,"column":0},"end":{"line":5,"column":133}},"4":{"start":{"line":6,"column":0},"end":{"line":6,"column":50}},"5":{"start":{"line":7,"column":0},"end":{"line":7,"column":51}},"6":{"start":{"line":16,"column":99},"end":{"line":30,"column":2}},"7":{"start":{"line":38,"column":22},"end":{"line":38,"column":35}},"8":{"start":{"line":39,"column":26},"end":{"line":39,"column":37}},"9":{"start":{"line":40,"column":24},"end":{"line":40,"column":36}},"10":{"start":{"line":41,"column":36},"end":{"line":41,"column":66}},"11":{"start":{"line":42,"column":34},"end":{"line":42,"column":64}},"12":{"start":{"line":44,"column":22},"end":{"line":44,"column":66}},"13":{"start":{"line":45,"column":23},"end":{"line":45,"column":50}},"14":{"start":{"line":47,"column":24},"end":{"line":73,"column":4}},"15":{"start":{"line":75,"column":27},"end":{"line":82,"column":3}},"16":{"start":{"line":76,"column":19},"end":{"line":76,"column":32}},"17":{"start":{"line":77,"column":4},"end":{"line":77,"column":30}},"18":{"start":{"line":77,"column":23},"end":{"line":77,"column":30}},"19":{"start":{"line":78,"column":18},"end":{"line":78,"column":43}},"20":{"start":{"line":79,"column":22},"end":{"line":79,"column":72}},"21":{"start":{"line":80,"column":4},"end":{"line":80,"column":36}},"22":{"start":{"line":81,"column":4},"end":{"line":81,"column":15}},"23":{"start":{"line":84,"column":16},"end":{"line":89,"column":3}},"24":{"start":{"line":85,"column":4},"end":{"line":85,"column":15}},"25":{"start":{"line":86,"column":4},"end":{"line":86,"column":15}},"26":{"start":{"line":87,"column":4},"end":{"line":87,"column":23}},"27":{"start":{"line":88,"column":4},"end":{"line":88,"column":22}},"28":{"start":{"line":91,"column":22},"end":{"line":94,"column":3}},"29":{"start":{"line":92,"column":4},"end":{"line":92,"column":12}},"30":{"start":{"line":93,"column":4},"end":{"line":93,"column":14}},"31":{"start":{"line":96,"column":2},"end":{"line":96,"column":27}},"32":{"start":{"line":96,"column":15},"end":{"line":96,"column":27}},"33":{"start":{"line":98,"column":2},"end":{"line":341,"column":4}},"34":{"start":{"line":129,"column":14},"end":{"line":129,"column":null}},"35":{"start":{"line":165,"column":22},"end":{"line":165,"column":38}},"36":{"start":{"line":182,"column":39},"end":{"line":182,"column":61}},"37":{"start":{"line":192,"column":28},"end":{"line":192,"column":null}},"38":{"start":{"line":193,"column":45},"end":{"line":193,"column":62}},"39":{"start":{"line":264,"column":22},"end":{"line":264,"column":35}},"40":{"start":{"line":311,"column":29},"end":{"line":311,"column":61}},"41":{"start":{"line":311,"column":42},"end":{"line":311,"column":60}},"42":{"start":{"line":321,"column":31},"end":{"line":321,"column":78}},"43":{"start":{"line":321,"column":44},"end":{"line":321,"column":77}}},"fnMap":{"0":{"name":"GuideMe","decl":{"start":{"line":37,"column":24},"end":{"line":37,"column":31}},"loc":{"start":{"line":37,"column":65},"end":{"line":342,"column":1}}},"1":{"name":"(anonymous_10)","decl":{"start":{"line":75,"column":27},"end":{"line":75,"column":30}},"loc":{"start":{"line":75,"column":32},"end":{"line":82,"column":3}}},"2":{"name":"(anonymous_11)","decl":{"start":{"line":84,"column":16},"end":{"line":84,"column":19}},"loc":{"start":{"line":84,"column":21},"end":{"line":89,"column":3}}},"3":{"name":"(anonymous_12)","decl":{"start":{"line":91,"column":22},"end":{"line":91,"column":25}},"loc":{"start":{"line":91,"column":27},"end":{"line":94,"column":3}}},"4":{"name":"(anonymous_13)","decl":{"start":{"line":128,"column":23},"end":{"line":128,"column":24}},"loc":{"start":{"line":129,"column":14},"end":{"line":129,"column":null}}},"5":{"name":"(anonymous_14)","decl":{"start":{"line":164,"column":133},"end":{"line":164,"column":137}},"loc":{"start":{"line":165,"column":22},"end":{"line":165,"column":38}}},"6":{"name":"(anonymous_15)","decl":{"start":{"line":182,"column":34},"end":{"line":182,"column":35}},"loc":{"start":{"line":182,"column":39},"end":{"line":182,"column":61}}},"7":{"name":"(anonymous_16)","decl":{"start":{"line":191,"column":45},"end":{"line":191,"column":48}},"loc":{"start":{"line":192,"column":28},"end":{"line":192,"column":null}}},"8":{"name":"(anonymous_17)","decl":{"start":{"line":193,"column":39},"end":{"line":193,"column":42}},"loc":{"start":{"line":193,"column":45},"end":{"line":193,"column":62}}},"9":{"name":"(anonymous_18)","decl":{"start":{"line":263,"column":26},"end":{"line":263,"column":27}},"loc":{"start":{"line":264,"column":22},"end":{"line":264,"column":35}}},"10":{"name":"(anonymous_19)","decl":{"start":{"line":311,"column":23},"end":{"line":311,"column":26}},"loc":{"start":{"line":311,"column":29},"end":{"line":311,"column":61}}},"11":{"name":"(anonymous_20)","decl":{"start":{"line":311,"column":37},"end":{"line":311,"column":38}},"loc":{"start":{"line":311,"column":42},"end":{"line":311,"column":60}}},"12":{"name":"(anonymous_21)","decl":{"start":{"line":321,"column":25},"end":{"line":321,"column":28}},"loc":{"start":{"line":321,"column":31},"end":{"line":321,"column":78}}},"13":{"name":"(anonymous_22)","decl":{"start":{"line":321,"column":39},"end":{"line":321,"column":40}},"loc":{"start":{"line":321,"column":44},"end":{"line":321,"column":77}}}},"branchMap":{"0":{"loc":{"start":{"line":44,"column":22},"end":{"line":44,"column":66}},"type":"cond-expr","locations":[{"start":{"line":44,"column":42},"end":{"line":44,"column":46}},{"start":{"line":44,"column":46},"end":{"line":44,"column":66}}]},"1":{"loc":{"start":{"line":44,"column":22},"end":{"line":44,"column":46}},"type":"binary-expr","locations":[{"start":{"line":44,"column":22},"end":{"line":44,"column":46}},{"start":{"line":44,"column":42},"end":{"line":44,"column":46}}]},"2":{"loc":{"start":{"line":77,"column":4},"end":{"line":77,"column":30}},"type":"if","locations":[{"start":{"line":77,"column":4},"end":{"line":77,"column":30}},{"start":{},"end":{}}]},"3":{"loc":{"start":{"line":79,"column":22},"end":{"line":79,"column":72}},"type":"binary-expr","locations":[{"start":{"line":79,"column":22},"end":{"line":79,"column":50}},{"start":{"line":79,"column":54},"end":{"line":79,"column":72}}]},"4":{"loc":{"start":{"line":80,"column":16},"end":{"line":80,"column":34}},"type":"binary-expr","locations":[{"start":{"line":80,"column":16},"end":{"line":80,"column":21}},{"start":{"line":80,"column":25},"end":{"line":80,"column":34}}]},"5":{"loc":{"start":{"line":96,"column":2},"end":{"line":96,"column":27}},"type":"if","locations":[{"start":{"line":96,"column":2},"end":{"line":96,"column":27}},{"start":{},"end":{}}]},"6":{"loc":{"start":{"line":131,"column":18},"end":{"line":133,"column":null}},"type":"cond-expr","locations":[{"start":{"line":131,"column":29},"end":{"line":131,"column":56}},{"start":{"line":132,"column":18},"end":{"line":133,"column":null}}]},"7":{"loc":{"start":{"line":132,"column":18},"end":{"line":133,"column":null}},"type":"cond-expr","locations":[{"start":{"line":132,"column":31},"end":{"line":132,"column":54}},{"start":{"line":133,"column":18},"end":{"line":133,"column":null}}]},"8":{"loc":{"start":{"line":135,"column":19},"end":{"line":135,"column":41}},"type":"cond-expr","locations":[{"start":{"line":135,"column":30},"end":{"line":135,"column":33}},{"start":{"line":135,"column":36},"end":{"line":135,"column":41}}]},"9":{"loc":{"start":{"line":137,"column":17},"end":{"line":138,"column":null}},"type":"binary-expr","locations":[{"start":{"line":137,"column":17},"end":{"line":137,"column":37}},{"start":{"line":138,"column":18},"end":{"line":138,"column":131}}]},"10":{"loc":{"start":{"line":138,"column":78},"end":{"line":138,"column":125}},"type":"cond-expr","locations":[{"start":{"line":138,"column":89},"end":{"line":138,"column":105}},{"start":{"line":138,"column":108},"end":{"line":138,"column":125}}]},"11":{"loc":{"start":{"line":143,"column":142},"end":{"line":143,"column":160}},"type":"cond-expr","locations":[{"start":{"line":143,"column":153},"end":{"line":143,"column":155}},{"start":{"line":143,"column":153},"end":{"line":143,"column":160}}]},"12":{"loc":{"start":{"line":143,"column":142},"end":{"line":143,"column":155}},"type":"binary-expr","locations":[{"start":{"line":143,"column":142},"end":{"line":143,"column":155}},{"start":{"line":143,"column":153},"end":{"line":143,"column":155}}]},"13":{"loc":{"start":{"line":157,"column":15},"end":{"line":170,"column":null}},"type":"binary-expr","locations":[{"start":{"line":157,"column":15},"end":{"line":157,"column":25}},{"start":{"line":158,"column":16},"end":{"line":169,"column":null}}]},"14":{"loc":{"start":{"line":174,"column":15},"end":{"line":214,"column":null}},"type":"binary-expr","locations":[{"start":{"line":174,"column":15},"end":{"line":174,"column":25}},{"start":{"line":175,"column":16},"end":{"line":213,"column":null}}]},"15":{"loc":{"start":{"line":187,"column":21},"end":{"line":204,"column":null}},"type":"binary-expr","locations":[{"start":{"line":187,"column":21},"end":{"line":187,"column":48}},{"start":{"line":188,"column":22},"end":{"line":203,"column":null}}]},"16":{"loc":{"start":{"line":195,"column":32},"end":{"line":197,"column":null}},"type":"cond-expr","locations":[{"start":{"line":196,"column":36},"end":{"line":196,"column":82}},{"start":{"line":197,"column":36},"end":{"line":197,"column":null}}]},"17":{"loc":{"start":{"line":200,"column":31},"end":{"line":200,"column":49}},"type":"cond-expr","locations":[{"start":{"line":200,"column":37},"end":{"line":200,"column":42}},{"start":{"line":200,"column":45},"end":{"line":200,"column":49}}]},"18":{"loc":{"start":{"line":209,"column":30},"end":{"line":209,"column":89}},"type":"binary-expr","locations":[{"start":{"line":209,"column":30},"end":{"line":209,"column":34}},{"start":{"line":209,"column":39},"end":{"line":209,"column":66}},{"start":{"line":209,"column":70},"end":{"line":209,"column":88}}]},"19":{"loc":{"start":{"line":218,"column":15},"end":{"line":249,"column":null}},"type":"binary-expr","locations":[{"start":{"line":218,"column":15},"end":{"line":218,"column":25}},{"start":{"line":219,"column":16},"end":{"line":248,"column":null}}]},"20":{"loc":{"start":{"line":220,"column":19},"end":{"line":247,"column":null}},"type":"cond-expr","locations":[{"start":{"line":221,"column":20},"end":{"line":223,"column":null}},{"start":{"line":226,"column":20},"end":{"line":246,"column":null}}]},"21":{"loc":{"start":{"line":223,"column":138},"end":{"line":223,"column":194}},"type":"cond-expr","locations":[{"start":{"line":223,"column":168},"end":{"line":223,"column":179}},{"start":{"line":223,"column":182},"end":{"line":223,"column":194}}]},"22":{"loc":{"start":{"line":240,"column":25},"end":{"line":244,"column":null}},"type":"binary-expr","locations":[{"start":{"line":240,"column":25},"end":{"line":240,"column":44}},{"start":{"line":241,"column":26},"end":{"line":243,"column":null}}]},"23":{"loc":{"start":{"line":253,"column":15},"end":{"line":276,"column":null}},"type":"binary-expr","locations":[{"start":{"line":253,"column":15},"end":{"line":253,"column":25}},{"start":{"line":254,"column":16},"end":{"line":275,"column":null}}]},"24":{"loc":{"start":{"line":280,"column":15},"end":{"line":301,"column":null}},"type":"binary-expr","locations":[{"start":{"line":280,"column":15},"end":{"line":280,"column":25}},{"start":{"line":281,"column":16},"end":{"line":300,"column":null}}]},"25":{"loc":{"start":{"line":308,"column":9},"end":{"line":328,"column":null}},"type":"binary-expr","locations":[{"start":{"line":308,"column":9},"end":{"line":308,"column":19}},{"start":{"line":308,"column":23},"end":{"line":308,"column":58}},{"start":{"line":309,"column":10},"end":{"line":327,"column":null}}]},"26":{"loc":{"start":{"line":308,"column":25},"end":{"line":308,"column":57}},"type":"binary-expr","locations":[{"start":{"line":308,"column":25},"end":{"line":308,"column":35}},{"start":{"line":308,"column":39},"end":{"line":308,"column":57}}]},"27":{"loc":{"start":{"line":319,"column":13},"end":{"line":326,"column":null}},"type":"binary-expr","locations":[{"start":{"line":319,"column":13},"end":{"line":319,"column":23}},{"start":{"line":320,"column":14},"end":{"line":325,"column":null}}]},"28":{"loc":{"start":{"line":332,"column":9},"end":{"line":337,"column":null}},"type":"binary-expr","locations":[{"start":{"line":332,"column":9},"end":{"line":332,"column":19}},{"start":{"line":332,"column":23},"end":{"line":332,"column":41}},{"start":{"line":333,"column":10},"end":{"line":336,"column":null}}]}},"s":{"0":0,"1":0,"2":0,"3":0,"4":0,"5":0,"6":0,"7":0,"8":0,"9":0,"10":0,"11":0,"12":0,"13":0,"14":0,"15":0,"16":0,"17":0,"18":0,"19":0,"20":0,"21":0,"22":0,"23":0,"24":0,"25":0,"26":0,"27":0,"28":0,"29":0,"30":0,"31":0,"32":0,"33":0,"34":0,"35":0,"36":0,"37":0,"38":0,"39":0,"40":0,"41":0,"42":0,"43":0},"f":{"0":0,"1":0,"2":0,"3":0,"4":0,"5":0,"6":0,"7":0,"8":0,"9":0,"10":0,"11":0,"12":0,"13":0},"b":{"0":[0,0],"1":[0,0],"2":[0,0],"3":[0,0],"4":[0,0],"5":[0,0],"6":[0,0],"7":[0,0],"8":[0,0],"9":[0,0],"10":[0,0],"11":[0,0],"12":[0,0],"13":[0,0],"14":[0,0],"15":[0,0],"16":[0,0],"17":[0,0],"18":[0,0,0],"19":[0,0],"20":[0,0],"21":[0,0],"22":[0,0],"23":[0,0],"24":[0,0],"25":[0,0,0],"26":[0,0],"27":[0,0],"28":[0,0,0]}}
,"D:\\election\\src\\components\\LeftNavStrip.tsx": {"path":"D:\\election\\src\\components\\LeftNavStrip.tsx","statementMap":{"0":{"start":{"line":20,"column":0},"end":{"line":20,"column":24}},"1":{"start":{"line":3,"column":0},"end":{"line":3,"column":26}},"2":{"start":{"line":4,"column":0},"end":{"line":4,"column":85}},"3":{"start":{"line":5,"column":0},"end":{"line":5,"column":50}},"4":{"start":{"line":6,"column":0},"end":{"line":6,"column":39}},"5":{"start":{"line":8,"column":18},"end":{"line":13,"column":2}},"6":{"start":{"line":15,"column":21},"end":{"line":18,"column":2}},"7":{"start":{"line":21,"column":55},"end":{"line":21,"column":68}},"8":{"start":{"line":23,"column":20},"end":{"line":62,"column":3}},"9":{"start":{"line":24,"column":21},"end":{"line":24,"column":40}},"10":{"start":{"line":25,"column":4},"end":{"line":61,"column":6}},"11":{"start":{"line":29,"column":12},"end":{"line":29,"column":32}},"12":{"start":{"line":30,"column":12},"end":{"line":30,"column":62}},"13":{"start":{"line":64,"column":2},"end":{"line":90,"column":4}},"14":{"start":{"line":75,"column":8},"end":{"line":75,"column":37}},"15":{"start":{"line":84,"column":8},"end":{"line":85,"column":null}}},"fnMap":{"0":{"name":"LeftNavStrip","decl":{"start":{"line":20,"column":24},"end":{"line":20,"column":36}},"loc":{"start":{"line":20,"column":36},"end":{"line":91,"column":1}}},"1":{"name":"(anonymous_2)","decl":{"start":{"line":23,"column":20},"end":{"line":23,"column":21}},"loc":{"start":{"line":23,"column":116},"end":{"line":62,"column":3}}},"2":{"name":"(anonymous_3)","decl":{"start":{"line":28,"column":19},"end":{"line":28,"column":22}},"loc":{"start":{"line":28,"column":24},"end":{"line":31,"column":11}}},"3":{"name":"(anonymous_4)","decl":{"start":{"line":74,"column":21},"end":{"line":74,"column":25}},"loc":{"start":{"line":75,"column":8},"end":{"line":75,"column":37}}},"4":{"name":"(anonymous_5)","decl":{"start":{"line":83,"column":24},"end":{"line":83,"column":28}},"loc":{"start":{"line":84,"column":8},"end":{"line":85,"column":null}}}},"branchMap":{"0":{"loc":{"start":{"line":34,"column":12},"end":{"line":36,"column":null}},"type":"cond-expr","locations":[{"start":{"line":35,"column":16},"end":{"line":35,"column":46}},{"start":{"line":36,"column":16},"end":{"line":36,"column":null}}]},"1":{"loc":{"start":{"line":41,"column":11},"end":{"line":47,"column":null}},"type":"binary-expr","locations":[{"start":{"line":41,"column":11},"end":{"line":41,"column":19}},{"start":{"line":42,"column":12},"end":{"line":46,"column":null}}]},"2":{"loc":{"start":{"line":50,"column":11},"end":{"line":51,"column":null}},"type":"binary-expr","locations":[{"start":{"line":50,"column":11},"end":{"line":50,"column":16}},{"start":{"line":51,"column":12},"end":{"line":51,"column":109}}]}},"s":{"0":0,"1":0,"2":0,"3":0,"4":0,"5":0,"6":0,"7":0,"8":0,"9":0,"10":0,"11":0,"12":0,"13":0,"14":0,"15":0},"f":{"0":0,"1":0,"2":0,"3":0,"4":0},"b":{"0":[0,0],"1":[0,0],"2":[0,0]}}
,"D:\\election\\src\\components\\Modal.tsx": {"path":"D:\\election\\src\\components\\Modal.tsx","statementMap":{"0":{"start":{"line":12,"column":0},"end":{"line":12,"column":24}},"1":{"start":{"line":1,"column":0},"end":{"line":1,"column":41}},"2":{"start":{"line":2,"column":0},"end":{"line":2,"column":56}},"3":{"start":{"line":3,"column":0},"end":{"line":3,"column":33}},"4":{"start":{"line":14,"column":2},"end":{"line":23,"column":15}},"5":{"start":{"line":15,"column":4},"end":{"line":19,"column":5}},"6":{"start":{"line":16,"column":6},"end":{"line":16,"column":46}},"7":{"start":{"line":18,"column":6},"end":{"line":18,"column":45}},"8":{"start":{"line":20,"column":4},"end":{"line":22,"column":6}},"9":{"start":{"line":21,"column":6},"end":{"line":21,"column":45}},"10":{"start":{"line":26,"column":2},"end":{"line":34,"column":24}},"11":{"start":{"line":27,"column":26},"end":{"line":31,"column":5}},"12":{"start":{"line":28,"column":6},"end":{"line":30,"column":7}},"13":{"start":{"line":29,"column":8},"end":{"line":29,"column":18}},"14":{"start":{"line":32,"column":4},"end":{"line":32,"column":66}},"15":{"start":{"line":32,"column":16},"end":{"line":32,"column":66}},"16":{"start":{"line":33,"column":4},"end":{"line":33,"column":70}},"17":{"start":{"line":33,"column":17},"end":{"line":33,"column":69}},"18":{"start":{"line":36,"column":2},"end":{"line":77,"column":4}},"19":{"start":{"line":54,"column":30},"end":{"line":54,"column":49}}},"fnMap":{"0":{"name":"Modal","decl":{"start":{"line":12,"column":24},"end":{"line":12,"column":29}},"loc":{"start":{"line":12,"column":78},"end":{"line":78,"column":1}}},"1":{"name":"(anonymous_10)","decl":{"start":{"line":14,"column":12},"end":{"line":14,"column":15}},"loc":{"start":{"line":14,"column":17},"end":{"line":23,"column":3}}},"2":{"name":"(anonymous_11)","decl":{"start":{"line":20,"column":11},"end":{"line":20,"column":14}},"loc":{"start":{"line":20,"column":16},"end":{"line":22,"column":5}}},"3":{"name":"(anonymous_12)","decl":{"start":{"line":26,"column":12},"end":{"line":26,"column":15}},"loc":{"start":{"line":26,"column":17},"end":{"line":34,"column":3}}},"4":{"name":"(anonymous_13)","decl":{"start":{"line":27,"column":26},"end":{"line":27,"column":27}},"loc":{"start":{"line":27,"column":47},"end":{"line":31,"column":5}}},"5":{"name":"(anonymous_14)","decl":{"start":{"line":33,"co
[...]
3,"column":3}}}},"branchMap":{"0":{"loc":{"start":{"line":53,"column":36},"end":{"line":53,"column":65}},"type":"binary-expr","locations":[{"start":{"line":53,"column":36},"end":{"line":53,"column":57}},{"start":{"line":53,"column":61},"end":{"line":53,"column":65}}]},"1":{"loc":{"start":{"line":53,"column":36},"end":{"line":53,"column":57}},"type":"cond-expr","locations":[{"start":{"line":53,"column":52},"end":{"line":53,"column":54}},{"start":{"line":53,"column":52},"end":{"line":53,"column":57}}]},"2":{"loc":{"start":{"line":53,"column":36},"end":{"line":53,"column":54}},"type":"binary-expr","locations":[{"start":{"line":53,"column":36},"end":{"line":53,"column":54}},{"start":{"line":53,"column":52},"end":{"line":53,"column":54}}]},"3":{"loc":{"start":{"line":63,"column":16},"end":{"line":65,"column":18}},"type":"cond-expr","locations":[{"start":{"line":64,"column":6},"end":{"line":64,"column":43}},{"start":{"line":65,"column":6},"end":{"line":65,"column":18}}]},"4":{"loc":{"start":{"line":85,"column":12},"end":{"line":87,"column":42}},"type":"cond-expr","locations":[{"start":{"line":86,"column":6},"end":{"line":86,"column":67}},{"start":{"line":87,"column":6},"end":{"line":87,"column":42}}]},"5":{"loc":{"start":{"line":91,"column":15},"end":{"line":91,"column":54}},"type":"cond-expr","locations":[{"start":{"line":91,"column":49},"end":{"line":91,"column":53}},{"start":{"line":91,"column":53},"end":{"line":91,"column":54}}]},"6":{"loc":{"start":{"line":91,"column":15},"end":{"line":91,"column":53}},"type":"binary-expr","locations":[{"start":{"line":91,"column":15},"end":{"line":91,"column":53}},{"start":{"line":91,"column":49},"end":{"line":91,"column":53}}]},"7":{"loc":{"start":{"line":91,"column":15},"end":{"line":91,"column":49}},"type":"cond-expr","locations":[{"start":{"line":91,"column":45},"end":{"line":91,"column":49}},{"start":{"line":91,"column":45},"end":{"line":91,"column":49}}]},"8":{"loc":{"start":{"line":91,"column":15},"end":{"line":91,"column":49}},"type":"binary-expr","locations":[{"start":{"line":91,"column":15},"end":{"line":91,"column":49}},{"start":{"line":91,"column":45},"end":{"line":91,"column":49}}]},"9":{"loc":{"start":{"line":91,"column":15},"end":{"line":91,"column":45}},"type":"cond-expr","locations":[{"start":{"line":91,"column":35},"end":{"line":91,"column":37}},{"start":{"line":91,"column":35},"end":{"line":91,"column":45}}]},"10":{"loc":{"start":{"line":91,"column":15},"end":{"line":91,"column":37}},"type":"binary-expr","locations":[{"start":{"line":91,"column":15},"end":{"line":91,"column":37}},{"start":{"line":91,"column":35},"end":{"line":91,"column":37}}]},"11":{"loc":{"start":{"line":92,"column":15},"end":{"line":92,"column":54}},"type":"cond-expr","locations":[{"start":{"line":92,"column":49},"end":{"line":92,"column":53}},{"start":{"line":92,"column":53},"end":{"line":92,"column":54}}]},"12":{"loc":{"start":{"line":92,"column":15},"end":{"line":92,"column":53}},"type":"binary-expr","locations":[{"start":{"line":92,"column":15},"end":{"line":92,"column":53}},{"start":{"line":92,"column":49},"end":{"line":92,"column":53}}]},"13":{"loc":{"start":{"line":92,"column":15},"end":{"line":92,"column":49}},"type":"cond-expr","locations":[{"start":{"line":92,"column":45},"end":{"line":92,"column":49}},{"start":{"line":92,"column":45},"end":{"line":92,"column":49}}]},"14":{"loc":{"start":{"line":92,"column":15},"end":{"line":92,"column":49}},"type":"binary-expr","locations":[{"start":{"line":92,"column":15},"end":{"line":92,"column":49}},{"start":{"line":92,"column":45},"end":{"line":92,"column":49}}]},"15":{"loc":{"start":{"line":92,"column":15},"end":{"line":92,"column":45}},"type":"cond-expr","locations":[{"start":{"line":92,"column":35},"end":{"line":92,"column":37}},{"start":{"line":92,"column":35},"end":{"line":92,"column":45}}]},"16":{"loc":{"start":{"line":92,"column":15},"end":{"line":92,"column":37}},"type":"binary-expr","locations":[{"start":{"line":92,"column":15},"end":{"line":92,"column":37}},{"start":{"line":92,"column":35},"end":{"line":92,"column":37}}]},"17":{"loc":{"start":{"line":113,"column":12},"end":{"line":115,"column":38}},"type":"cond-expr","locations":[{"start":{"line":114,"column":6},"end":{"line":114,"column":63}},{"start":{"line":115,"column":6},"end":{"line":115,"column":38}}]},"18":{"loc":{"start":{"line":119,"column":15},"end":{"line":119,"column":57}},"type":"cond-expr","locations":[{"start":{"line":119,"column":52},"end":{"line":119,"column":56}},{"start":{"line":119,"column":56},"end":{"line":119,"column":57}}]},"19":{"loc":{"start":{"line":119,"column":15},"end":{"line":119,"column":56}},"type":"binary-expr","locations":[{"start":{"line":119,"column":15},"end":{"line":119,"column":56}},{"start":{"line":119,"column":52},"end":{"line":119,"column":56}}]},"20":{"loc":{"start":{"line":119,"column":15},"end":{"line":119,"column":52}},"type":"cond-expr","locations":[{"start":{"line":119,"column":48},"end":{"line":119,"column":52}},{"start":{"line":119,"column":48},"end":{"line":119,"column":52}}]},"21":{"loc":{"start":{"line":119,"column":15},"end":{"line":119,"column":52}},"type":"binary-expr","locations":[{"start":{"line":119,"column":15},"end":{"line":119,"column":52}},{"start":{"line":119,"column":48},"end":{"line":119,"column":52}}]},"22":{"loc":{"start":{"line":119,"column":15},"end":{"line":119,"column":48}},"type":"cond-expr","locations":[{"start":{"line":119,"column":38},"end":{"line":119,"column":40}},{"start":{"line":119,"column":38},"end":{"line":119,"column":48}}]},"23":{"loc":{"start":{"line":119,"column":15},"end":{"line":119,"column":40}},"type":"binary-expr","locations":[{"start":{"line":119,"column":15},"end":{"line":119,"column":40}},{"start":{"line":119,"column":38},"end":{"line":119,"column":40}}]},"24":{"loc":{"start":{"line":120,"column":15},"end":{"line":120,"column":57}},"type":"cond-expr","locations":[{"start":{"line":120,"column":52},"end":{"line":120,"column":56}},{"start":{"line":120,"column":56},"end":{"line":120,"column":57}}]},"25":{"loc":{"start":{"line":120,"column":15},"end":{"line":120,"column":56}},"type":"binary-expr","locations":[{"start":{"line":120,"column":15},"end":{"line":120,"column":56}},{"start":{"line":120,"column":52},"end":{"line":120,"column":56}}]},"26":{"loc":{"start":{"line":120,"column":15},"end":{"line":120,"column":52}},"type":"cond-expr","locations":[{"start":{"line":120,"column":48},"end":{"line":120,"column":52}},{"start":{"line":120,"column":48},"end":{"line":120,"column":52}}]},"27":{"loc":{"start":{"line":120,"column":15},"end":{"line":120,"column":52}},"type":"binary-expr","locations":[{"start":{"line":120,"column":15},"end":{"line":120,"column":52}},{"start":{"line":120,"column":48},"end":{"line":120,"column":52}}]},"28":{"loc":{"start":{"line":120,"column":15},"end":{"line":120,"column":48}},"type":"cond-expr","locations":[{"start":{"line":120,"column":38},"end":{"line":120,"column":40}},{"start":{"line":120,"column":38},"end":{"line":120,"column":48}}]},"29":{"loc":{"start":{"line":120,"column":15},"end":{"line":120,"column":40}},"type":"binary-expr","locations":[{"start":{"line":120,"column":15},"end":{"line":120,"column":40}},{"start":{"line":120,"column":38},"end":{"line":120,"column":40}}]},"30":{"loc":{"start":{"line":150,"column":15},"end":{"line":150,"column":54}},"type":"cond-expr","locations":[{"start":{"line":150,"column":49},"end":{"line":150,"column":53}},{"start":{"line":150,"column":53},"end":{"line":150,"column":54}}]},"31":{"loc":{"start":{"line":150,"column":15},"end":{"line":150,"column":53}},"type":"binary-expr","locations":[{"start":{"line":150,"column":15},"end":{"line":150,"column":53}},{"start":{"line":150,"column":49},"end":{"line":150,"column":53}}]},"32":{"loc":{"start":{"line":150,"column":15},"end":{"line":150,"column":49}},"type":"cond-expr","locations":[{"start":{"line":150,"column":45},"end":{"line":150,"column":49}},{"start":{"line":150,"column":45},"end":{"line":150,"column":49}}]},"33":{"loc":{"start":{"line":150,"column":15},"end":{"line":150,"column":49}},"type":"binary-expr","locations":[{"start":{"line":150,"column":15},"end":{"line":150,"column":49}},{"start":{"line":150,"column":45},"end":{"line":150,"column":49}}]},"34":{"loc":{"start":{"line":150,"column":15},"end":{"line":150,"column":45}},"type":"cond-expr","locations":[{"start":{"line":150,"column":35},"end":{"line":150,"column":37}},{"start":{"line":150,"column":35},"end":{"line":150,"column":45}}]},"35":{"loc":{"start":{"line":150,"column":15},"end":{"line":150,"column":37}},"type":"binary-expr","locations":[{"start":{"line":150,"column":15},"end":{"line":150,"column":37}},{"start":{"line":150,"column":35},"end":{"line":150,"column":37}}]},"36":{"loc":{"start":{"line":151,"column":15},"end":{"line":151,"column":54}},"type":"cond-expr","locations":[{"start":{"line":151,"column":49},"end":{"line":151,"column":53}},{"start":{"line":151,"column":53},"end":{"line":151,"column":54}}]},"37":{"loc":{"start":{"line":151,"column":15},"end":{"line":151,"column":53}},"type":"binary-expr","locations":[{"start":{"line":151,"column":15},"end":{"line":151,"column":53}},{"start":{"line":151,"column":49},"end":{"line":151,"column":53}}]},"38":{"loc":{"start":{"line":151,"column":15},"end":{"line":151,"column":49}},"type":"cond-expr","locations":[{"start":{"line":151,"column":45},"end":{"line":151,"column":49}},{"start":{"line":151,"column":45},"end":{"line":151,"column":49}}]},"39":{"loc":{"start":{"line":151,"column":15},"end":{"line":151,"column":49}},"type":"binary-expr","locations":[{"start":{"line":151,"column":15},"end":{"line":151,"column":49}},{"start":{"line":151,"column":45},"end":{"line":151,"column":49}}]},"40":{"loc":{"start":{"line":151,"column":15},"end":{"line":151,"column":45}},"type":"cond-expr","locations":[{"start":{"line":151,"column":35},"end":{"line":151,"column":37}},{"start":{"line":151,"column":35},"end":{"line":151,"column":45}}]},"41":{"loc":{"start":{"line":151,"column":15},"end":{"line":151,"column":37}},"type":"binary-expr","locations":[{"start":{"line":151,"column":15},"end":{"line":151,"column":37}},{"start":{"line":151,"column":35},"end":{"line":151,"column":37}}]}},"s":{"0":0,"1":0,"2":0,"3":0,"4":0,"5":0,"6":0,"7":0,"8":0,"9":0,"10":0,"11":0,"12":0,"13":0,"14":0,"15":0,"16":0,"17":0,"18":0,"19":0,"20":0,"21":0,"22":0,"23":0,"24":0,"25":0,"26":0,"27":0,"28":0,"29":0,"30":0,"31":0,"32":0,"33":0,"34":0,"35":0,"36":0,"37":0,"38":0,"39":0,"40":0,"41":0,"42":0,"43":0,"44":0,"45":0,"46":0,"47":0,"48":0,"49":0},"f":{"0":0,"1":0,"2":0,"3":0,"4":0,"5":0,"6":0,"7":0,"8":0,"9":0,"10":0,"11":0,"12":0,"13":0,"14":0,"15":0},"b":{"0":[0,0],"1":[0,0],"2":[0,0],"3":[0,0],"4":[0,0],"5":[0,0],"6":[0,0],"7":[0,0],"8":[0,0],"9":[0,0],"10":[0,0],"11":[0,0],"12":[0,0],"13":[0,0],"14":[0,0],"15":[0,0],"16":[0,0],"17":[0,0],"18":[0,0],"19":[0,0],"20":[0,0],"21":[0,0],"22":[0,0],"23":[0,0],"24":[0,0],"25":[0,0],"26":[0,0],"27":[0,0],"28":[0,0],"29":[0,0],"30":[0,0],"31":[0,0],"32":[0,0],"33":[0,0],"34":[0,0],"35":[0,0],"36":[0,0],"37":[0,0],"38":[0,0],"39":[0,0],"40":[0,0],"41":[0,0]}}
,"D:\\election\\src\\lib\\geminiService.ts": {"path":"D:\\election\\src\\lib\\geminiService.ts","statementMap":{"0":{"start":{"line":1,"column":0},"end":{"line":1,"column":85}},"1":{"start":{"line":25,"column":4},"end":{"line":27,"column":5}},"2":{"start":{"line":26,"column":6},"end":{"line":26,"column":79}},"3":{"start":{"line":28,"column":4},"end":{"line":28,"column":48}},"4":{"start":{"line":29,"column":4},"end":{"line":37,"column":7}},"5":{"start":{"line":59,"column":4},"end":{"line":80,"column":5}},"6":{"start":{"line":60,"column":19},"end":{"line":66,"column":8}},"7":{"start":{"line":68,"column":21},"end":{"line":68,"column":51}},"8":{"start":{"line":69,"column":23},"end":{"line":69,"column":44}},"9":{"start":{"line":70,"column":6},"end":{"line":70,"column":29}},"10":{"start":{"line":72,"column":6},"end":{"line":72,"column":53}},"11":{"start":{"line":75,"column":6},"end":{"line":77,"column":7}},"12":{"start":{"line":76,"column":8},"end":{"line":76,"column":47}},"13":{"start":{"line":79,"column":6},"end":{"line":79,"column":64}},"14":{"start":{"line":93,"column":4},"end":{"line":100,"column":5}},"15":{"start":{"line":94,"column":21},"end":{"line":94,"column":61}},"16":{"start":{"line":95,"column":23},"end":{"line":95,"column":44}},"17":{"start":{"line":96,"column":6},"end":{"line":96,"column":29}},"18":{"start":{"line":98,"column":6},"end":{"line":98,"column":59}},"19":{"start":{"line":99,"column":6},"end":{"line":99,"column":18}},"20":{"start":{"line":112,"column":32},"end":{"line":112,"column":100}},"21":{"start":{"line":112,"column":68},"end":{"line":112,"column":100}},"22":{"start":{"line":112,"column":13},"end":{"line":112,"column":32}}},"fnMap":{"0":{"name":"(anonymous_0)","decl":{"start":{"line":24,"column":2},"end":{"line":24,"column":14}},"loc":{"start":{"line":24,"column":68},"end":{"line":38,"column":3}}},"1":{"name":"(anonymous_1)","decl":{"start":{"line":54,"column":2},"end":{"line":54,"column":7}},"loc":{"start":{"line":57,"column":34},"end":{"line":81,"column":3}}},"2":{"name":"(anonymous_2)","decl":{"start":{"line":92,"column":2},"end":{"line":92,"column":7}},"loc":{"start":{"line":92,"column":42},"end":{"line":101,"column":3}}},"3":{"name":"(anonymous_3)","decl":{"start":{"line":112,"column":32},"end":{"line":112,"column":33}},"loc":{"start":{"line":112,"column":68},"end":{"line":112,"column":100}}}},"branchMap":{"0":{"loc":{"start":{"line":24,"column":30},"end":{"line":24,"column":68}},"type":"default-arg","locations":[{"start":{"line":24,"column":50},"end":{"line":24,"column":68}}]},"1":{"loc":{"start":{"line":25,"column":4},"end":{"line":27,"column":5}},"type":"if","locations":[{"start":{"line":25,"column":4},"end":{"line":27,"column":5}},{"start":{},"end":{}}]},"2":{"loc":{"start":{"line":56,"column":4},"end":{"line":56,"column":27}},"type":"default-arg","locations":[{"start":{"line":56,"column":25},"end":{"line":56,"column":27}}]},"3":{"loc":{"start":{"line":57,"column":4},"end":{"line":57,"column":34}},"type":"default-arg","locations":[{"start":{"line":57,"column":32},"end":{"line":57,"column":34}}]},"4":{"loc":{"start":{"line":75,"column":6},"end":{"line":77,"column":7}},"type":"if","locations":[{"start":{"line":75,"column":6},"end":{"line":77,"column":7}},{"start":{},"end":{}}]},"5":{"loc":{"start":{"line":75,"column":10},"end":{"line":75,"column":78}},"type":"binary-expr","locations":[{"start":{"line":75,"column":10},"end":{"line":75,"column":40}},{"start":{"line":75,"column":44},"end":{"line":75,"column":76}}]},"6":{"loc":{"start":{"line":75,"column":10},"end":{"line":75,"column":40}},"type":"cond-expr","locations":[{"start":{"line":75,"column":23},"end":{"line":75,"column":25}},{"start":{"line":75,"column":23},"end":{"line":75,"column":40}}]},"7":{"loc":{"start":{"line":75,"column":10},"end":{"line":75,"column":25}},"type":"binary-expr","locations":[{"start":{"line":75,"column":10},"end":{"line":75,"column":25}},{"start":{"line":75,"column":23},"end":{"line":75,"column":25}}]},"8":{"loc":{"start":{"line":75,"column":44},"end":{"line":75,"column":76}},"type":"cond-expr","locations":[{"start":{"line":75,"column":57},"end":{"line":75,"column":59}},{"start":{"line":75,"column":57},"end":{"line":75,"column":76}}]},"9":{"loc":{"start":{"line":75,"column":44},"end":{"line":75,"column":59}},"type":"binary-expr","locations":[{"start":{"line":75,"column":44},"end":{"line":75,"column":59}},{"start":{"line":75,"column":57},"end":{"line":75,"column":59}}]}},"s":{"0":1,"1":2,"2":1,"3":1,"4":1,"5":1,"6":1,"7":1,"8":1,"9":1,"10":0,"11":0,"12":0,"13":0,"14":1,"15":1,"16":1,"17":1,"18":0,"19":0,"20":1,"21":2,"22":1},"f":{"0":2,"1":1,"2":1,"3":2},"b":{"0":[2],"1":[1,1],"2":[0],"3":[0],"4":[0,0],"5":[0,0],"6":[0,0],"7":[0,0],"8":[0,0],"9":[0,0]}}
,"D:\\election\\src\\store\\useAppStore.ts": {"path":"D:\\election\\src\\store\\useAppStore.ts","statementMap":{"0":{"start":{"line":1,"column":0},"end":{"line":1,"column":33}},"1":{"start":{"line":2,"column":0},"end":{"line":2,"column":45}},"2":{"start":{"line":25,"column":13},"end":{"line":63,"column":2}},"3":{"start":{"line":27,"column":14},"end":{"line":50,"column":6}},"4":{"start":{"line":37,"column":31},"end":{"line":37,"column":47}},"5":{"start":{"line":38,"column":33},"end":{"line":38,"column":50}},"6":{"start":{"line":39,"column":39},"end":{"line":39,"column":59}},"7":{"start":{"line":40,"column":25},"end":{"line":40,"column":84}},"8":{"start":{"line":40,"column":41},"end":{"line":40,"column":82}},"9":{"start":{"line":41,"column":41},"end":{"line":41,"column":62}},"10":{"start":{"line":42,"column":57},"end":{"line":42,"column":86}},"11":{"start":{"line":43,"column":35},"end":{"line":47,"column":9}},"12":{"start":{"line":43,"column":51},"end":{"line":47,"column":8}},"13":{"start":{"line":45,"column":41},"end":{"line":45,"column":55}},"14":{"start":{"line":48,"column":45},"end":{"line":48,"column":68}},"15":{"start":{"line":49,"column":49},"end":{"line":49,"column":74}},"16":{"start":{"line":54,"column":30},"end":{"line":60,"column":8}}},"fnMap":{"0":{"name":"(anonymous_0)","decl":{"start":{"line":27,"column":4},"end":{"line":27,"column":5}},"loc":{"start":{"line":27,"column":14},"end":{"line":50,"column":6}}},"1":{"name":"(anonymous_1)","decl":{"start":{"line":37,"column":18},"end":{"line":37,"column":19}},"loc":{"start":{"line":37,"column":31},"end":{"line":37,"column":47}}},"2":{"name":"(anonymous_2)","decl":{"start":{"line":38,"column":19},"end":{"line":38,"column":20}},"loc":{"start":{"line":38,"column":33},"end":{"line":38,"column":50}}},"3":{"name":"(anonymous_3)","decl":{"start":{"line":39,"column":22},"end":{"line":39,"column":23}},"loc":{"start":{"line":39,"column":39},"end":{"line":39,"column":59}}},"4":{"name":"(anonymous_4)","decl":{"start":{"line":40,"column":19},"end":{"line":40,"column":22}},"loc":{"start":{"line":40,"column":25},"end":{"line":40,"column":84}}},"5":{"name":"(anonymous_5)","decl":{"start":{"line":40,"column":29},"end":{"line":40,"column":30}},"loc":{"start":{"line":40,"column":41},"end":{"line":40,"column":82}}},"6":{"name":"(anonymous_6)","decl":{"start":{"line":41,"column":23},"end":{"line":41,"column":24}},"loc":{"start":{"line":41,"column":41},"end":{"line":41,"column":62}}},"7":{"name":"(anonymous_7)","decl":{"start":{"line":42,"column":31},"end":{"line":42,"column":32}},"loc":{"start":{"line":42,"column":57},"end":{"line":42,"column":86}}},"8":{"name":"(anonymous_8)","decl":{"start":{"line":43,"column":22},"end":{"line":43,"column":23}},"loc":{"start":{"line":43,"column":35},"end":{"line":47,"column":9}}},"9":{"name":"(anonymous_9)","decl":{"start":{"line":43,"column":39},"end":{"line":43,"column":40}},"loc":{"start":{"line":43,"column":51},"end":{"line":47,"column":8}}},"10":{"name":"(anonymous_10)","decl":{"start":{"line":45,"column":35},"end":{"line":45,"column":37}},"loc":{"start":{"line":45,"column":41},"end":{"line":45,"column":55}}},"11":{"name":"(anonymous_11)","decl":{"start":{"line":48,"column":25},"end":{"line":48,"column":26}},"loc":{"start":{"line":48,"column":45},"end":{"line":48,"column":68}}},"12":{"name":"(anonymous_12)","decl":{"start":{"line":49,"column":27},"end":{"line":49,"column":28}},"loc":{"start":{"line":49,"column":49},"end":{"line":49,"column":74}}},"13":{"name":"(anonymous_13)","decl":{"start":{"line":54,"column":18},"end":{"line":54,"column":19}},"loc":{"start":{"line":54,"column":30},"end":{"line":60,"column":8}}}},"branchMap":{"0":{"loc":{"start":{"line":44,"column":19},"end":{"line":46,"column":41}},"type":"cond-expr","locations":[{"start":{"line":45,"column":12},"end":{"line":45,"column":56}},{"start":{"line":46,"column":12},"end":{"line":46,"column":41}}]}},"s":{"0":1,"1":1,"2":1,"3":1,"4":1,"5":1,"6":0,"7":2,"8":2,"9":1,"10":1,"11":8,"12":8,"13":3,"14":2,"15":2,"16":36},"f":{"0":1,"1":1,"2":1,"3":0,"4":2,"5":2,"6":1,"7":1,"8":8,"9":8,"10":3,"11":2,"12":2,"13":36},"b":{"0":[2,6]}}
}
