TN:
SF:src\app\page.tsx
FN:25,Home
FN:30,(anonymous_11)
FN:34,(anonymous_12)
FN:67,(anonymous_13)
FNF:4
FNH:0
FNDA:0,Home
FNDA:0,(anonymous_11)
FNDA:0,(anonymous_12)
FNDA:0,(anonymous_13)
DA:3,0
DA:4,0
DA:5,0
DA:6,0
DA:7,0
DA:8,0
DA:9,0
DA:10,0
DA:11,0
DA:12,0
DA:13,0
DA:14,0
DA:16,0
DA:25,0
DA:26,0
DA:27,0
DA:30,0
DA:31,0
DA:34,0
DA:35,0
DA:36,0
DA:37,0
DA:38,0
DA:39,0
DA:40,0
DA:41,0
DA:42,0
DA:46,0
DA:48,0
DA:67,0
LF:30
LH:0
BRDA:35,0,0,0
BRDA:35,0,1,0
BRDA:35,0,2,0
BRDA:35,0,3,0
BRDA:35,0,4,0
BRDA:35,0,5,0
BRDA:35,0,6,0
BRDA:46,1,0,0
BRDA:46,1,1,0
BRDA:46,2,0,0
BRDA:46,2,1,0
BRDA:64,3,0,0
BRDA:64,3,1,0
BRDA:70,4,0,0
BRDA:70,4,1,0
BRF:15
BRH:0
end_of_record
TN:
SF:src\app\api\chat\route.ts
FN:45,isRateLimited
FN:89,POST
FN:215,(anonymous_2)
FNF:3
FNH:2
FNDA:20,isRateLimited
FNDA:20,POST
FNDA:0,(anonymous_2)
DA:20,1
DA:21,1
DA:32,1
DA:35,1
DA:36,1
DA:37,1
DA:46,20
DA:47,20
DA:48,20
DA:49,1
DA:50,1
DA:52,19
DA:53,19
DA:54,19
DA:58,1
DA:62,1
DA:67,1
DA:70,1
DA:89,1
DA:90,20
DA:91,20
DA:93,20
DA:94,20
DA:95,0
DA:102,20
DA:106,20
DA:107,20
DA:109,0
DA:112,20
DA:123,20
DA:124,20
DA:125,20
DA:127,20
DA:128,2
DA:132,18
DA:133,2
DA:137,16
DA:138,16
DA:139,3
DA:143,13
DA:144,13
DA:145,0
DA:152,13
DA:153,13
DA:154,13
DA:157,13
DA:158,13
DA:161,13
DA:166,13
DA:167,13
DA:169,13
DA:170,12
DA:171,12
DA:172,2
DA:179,11
DA:180,11
DA:183,11
DA:214,11
DA:215,0
DA:220,11
DA:226,11
DA:227,0
DA:231,11
DA:232,10
DA:236,11
DA:237,11
DA:238,1
DA:239,1
DA:242,1
DA:245,0
DA:249,11
DA:260,0
DA:261,0
DA:264,0
DA:270,0
DA:272,0
LF:76
LH:65
BRDA:48,0,0,1
BRDA:48,0,1,19
BRDA:48,1,0,20
BRDA:48,1,1,19
BRDA:52,2,0,0
BRDA:52,2,1,19
BRDA:93,3,0,20
BRDA:93,3,1,0
BRDA:93,4,0,20
BRDA:93,4,1,20
BRDA:93,5,0,0
BRDA:93,5,1,20
BRDA:93,6,0,20
BRDA:93,6,1,20
BRDA:94,7,0,0
BRDA:94,7,1,20
BRDA:123,8,0,20
BRDA:123,8,1,1
BRDA:125,9,0,0
BRDA:125,9,1,20
BRDA:125,10,0,1
BRDA:125,10,1,19
BRDA:125,11,0,20
BRDA:125,11,1,20
BRDA:127,12,0,2
BRDA:127,12,1,18
BRDA:127,13,0,20
BRDA:127,13,1,18
BRDA:132,14,0,2
BRDA:132,14,1,16
BRDA:138,15,0,3
BRDA:138,15,1,13
BRDA:144,16,0,0
BRDA:144,16,1,13
BRDA:152,17,0,11
BRDA:152,17,1,2
BRDA:153,18,0,12
BRDA:153,18,1,1
BRDA:154,19,0,4
BRDA:154,19,1,9
BRDA:161,20,0,2
BRDA:161,20,1,11
BRDA:161,21,0,13
BRDA:161,21,1,11
BRDA:166,22,0,13
BRDA:166,22,1,12
BRDA:166,22,2,0
BRDA:169,23,0,12
BRDA:169,23,1,1
BRDA:171,24,0,2
BRDA:171,24,1,10
BRDA:180,25,0,11
BRDA:180,25,1,0
BRDA:180,26,0,11
BRDA:180,26,1,11
BRDA:183,27,0,1
BRDA:183,27,1,10
BRDA:215,28,0,0
BRDA:215,28,1,11
BRDA:215,29,0,11
BRDA:215,29,1,11
BRDA:215,30,0,0
BRDA:215,30,1,0
BRDA:226,31,0,0
BRDA:226,31,1,11
BRDA:231,32,0,10
BRDA:231,32,1,1
BRDA:237,33,0,1
BRDA:237,33,1,10
BRDA:242,34,0,1
BRDA:242,34,1,0
BRDA:242,35,0,1
BRDA:242,35,1,1
BRDA:242,36,0,0
BRDA:242,36,1,1
BRDA:242,37,0,1
BRDA:242,37,1,1
BRDA:260,38,0,0
BRDA:260,38,1,0
BRDA:260,38,2,0
BRDA:260,39,0,0
BRDA:260,39,1,0
BRDA:260,40,0,0
BRDA:260,40,1,0
BRDA:270,41,0,0
BRDA:270,41,1,0
BRF:86
BRH:63
end_of_record
TN:
SF:src\app\api\moderate\route.ts
FN:3,POST
FNF:1
FNH:0
FNDA:0,POST
DA:1,0
DA:3,0
DA:4,0
DA:5,0
DA:7,0
DA:8,0
DA:13,0
DA:16,0
DA:17,0
LF:9
LH:0
BRDA:7,0,0,0
BRDA:7,0,1,0
BRDA:7,1,0,0
BRDA:7,1,1,0
BRF:4
BRH:0
end_of_record
TN:
SF:src\app\api\news\route.ts
FN:3,GET
FNF:1
FNH:0
FNDA:0,GET
DA:1,0
DA:3,0
DA:4,0
DA:5,0
DA:6,0
DA:9,0
DA:33,0
LF:7
LH:0
BRDA:6,0,0,0
BRDA:6,0,1,0
BRF:2
BRH:0
end_of_record
TN:
SF:src\components\AIChat.tsx
FN:40,AIChat
FN:56,(anonymous_11)
FN:57,(anonymous_12)
FN:59,(anonymous_13)
FN:66,(anonymous_14)
FN:69,(anonymous_15)
FN:80,(anonymous_16)
FN:84,(anonymous_17)
FN:92,(anonymous_18)
FN:130,(anonymous_19)
FN:131,(anonymous_20)
FN:135,(anonymous_21)
FN:139,(anonymous_22)
FN:140,(anonymous_23)
FN:144,(anonymous_24)
FN:146,(anonymous_25)
FN:153,(anonymous_26)
FN:154,(anonymous_27)
FN:155,(anonymous_28)
FN:167,(anonymous_29)
FN:208,(anonymous_30)
FN:208,(anonymous_31)
FN:214,(anonymous_32)
FN:228,(anonymous_33)
FNF:24
FNH:0
FNDA:0,AIChat
FNDA:0,(anonymous_11)
FNDA:0,(anonymous_12)
FNDA:0,(anonymous_13)
FNDA:0,(anonymous_14)
FNDA:0,(anonymous_15)
FNDA:0,(anonymous_16)
FNDA:0,(anonymous_17)
FNDA:0,(anonymous_18)
FNDA:0,(anonymous_19)
FNDA:0,(anonymous_20)
FNDA:0,(anonymous_21)
FNDA:0,(anonymous_22)
FNDA:0,(anonymous_23)
FNDA:0,(anonymous_24)
FNDA:0,(anonymous_25)
FNDA:0,(anonymous_26)
FNDA:0,(anonymous_27)
FNDA:0,(anonymous_28)
FNDA:0,(anonymous_29)
FNDA:0,(anonymous_30)
FNDA:0,(anonymous_31)
FNDA:0,(anonymous_32)
FNDA:0,(anonymous_33)
DA:3,0
DA:4,0
DA:5,0
DA:6,0
DA:7,0
DA:8,0
DA:9,0
DA:12,0
DA:13,0
DA:14,0
DA:16,0
DA:23,0
DA:29,0
DA:31,0
DA:40,0
DA:41,0
DA:42,0
DA:43,0
DA:44,0
DA:45,0
DA:46,0
DA:47,0
DA:48,0
DA:49,0
DA:51,0
DA:52,0
DA:53,0
DA:54,0
DA:56,0
DA:57,0
DA:59,0
DA:60,0
DA:61,0
DA:62,0
DA:66,0
DA:67,0
DA:68,0
DA:69,0
DA:70,0
DA:71,0
DA:72,0
DA:75,0
DA:77,0
DA:80,0
DA:81,0
DA:82,0
DA:83,0
DA:84,0
DA:85,0
DA:86,0
DA:88,0
DA:89,0
DA:92,0
DA:93,0
DA:94,0
DA:95,0
DA:97,0
DA:98,0
DA:100,0
DA:105,0
DA:106,0
DA:107,0
DA:108,0
DA:109,0
DA:111,0
DA:112,0
DA:113,0
DA:114,0
DA:116,0
DA:117,0
DA:118,0
DA:121,0
DA:122,0
DA:123,0
DA:124,0
DA:126,0
DA:127,0
DA:128,0
DA:129,0
DA:130,0
DA:131,0
DA:132,0
DA:135,0
DA:136,0
DA:139,0
DA:140,0
DA:141,0
DA:144,0
DA:146,0
DA:147,0
DA:148,0
DA:149,0
DA:150,0
DA:151,0
DA:152,0
DA:153,0
DA:154,0
DA:155,0
DA:156,0
DA:159,0
DA:161,0
DA:167,0
DA:208,0
DA:214,0
DA:228,0
LF:105
LH:0
BRDA:56,0,0,0
BRDA:56,0,1,0
BRDA:56,1,0,0
BRDA:56,1,1,0
BRDA:60,2,0,0
BRDA:60,2,1,0
BRDA:60,3,0,0
BRDA:60,3,1,0
BRDA:68,4,0,0
BRDA:68,4,1,0
BRDA:70,5,0,0
BRDA:70,5,1,0
BRDA:81,6,0,0
BRDA:81,6,1,0
BRDA:81,7,0,0
BRDA:81,7,1,0
BRDA:82,8,0,0
BRDA:82,8,1,0
BRDA:85,9,0,0
BRDA:85,9,1,0
BRDA:85,10,0,0
BRDA:85,10,1,0
BRDA:86,11,0,0
BRDA:86,11,1,0
BRDA:93,12,0,0
BRDA:93,12,1,0
BRDA:94,13,0,0
BRDA:94,13,1,0
BRDA:94,14,0,0
BRDA:94,14,1,0
BRDA:95,15,0,0
BRDA:95,15,1,0
BRDA:97,16,0,0
BRDA:97,16,1,0
BRDA:98,17,0,0
BRDA:98,17,1,0
BRDA:101,18,0,0
BRDA:101,18,1,0
BRDA:101,19,0,0
BRDA:101,19,1,0
BRDA:101,20,0,0
BRDA:101,20,1,0
BRDA:102,21,0,0
BRDA:102,21,1,0
BRDA:102,22,0,0
BRDA:102,22,1,0
BRDA:102,23,0,0
BRDA:102,23,1,0
BRDA:114,24,0,0
BRDA:114,24,1,0
BRDA:117,25,0,0
BRDA:117,25,1,0
BRDA:117,26,0,0
BRDA:117,26,1,0
BRDA:121,27,0,0
BRDA:121,27,1,0
BRDA:126,28,0,0
BRDA:126,28,1,0
BRDA:126,29,0,0
BRDA:126,29,1,0
BRDA:129,30,0,0
BRDA:129,30,1,0
BRDA:141,31,0,0
BRDA:141,31,1,0
BRDA:147,32,0,0
BRDA:147,32,1,0
BRDA:148,33,0,0
BRDA:148,33,1,0
BRDA:149,34,0,0
BRDA:149,34,1,0
BRDA:149,35,0,0
BRDA:149,35,1,0
BRDA:149,36,0,0
BRDA:149,36,1,0
BRDA:152,37,0,0
BRDA:152,37,1,0
BRDA:159,38,0,0
BRDA:159,38,1,0
BRDA:159,39,0,0
BRDA:159,39,1,0
BRDA:172,40,0,0
BRDA:172,40,1,0
BRDA:185,41,0,0
BRDA:185,41,1,0
BRDA:199,42,0,0
BRDA:199,42,1,0
BRDA:200,43,0,0
BRDA:200,43,1,0
BRDA:202,44,0,0
BRDA:202,44,1,0
BRDA:215,45,0,0
BRDA:215,45,1,0
BRF:92
BRH:0
end_of_record
TN:
SF:src\components\CardsRow.tsx
FN:47,CardsRow
FN:55,(anonymous_11)
FN:57,(anonymous_12)
FN:59,(anonymous_13)
FN:62,(anonymous_14)
FN:64,(anonymous_15)
FN:77,(anonymous_16)
FN:101,(anonymous_17)
FN:120,(anonymous_18)
FN:139,(anonymous_19)
FN:207,(anonymous_20)
FN:213,(anonymous_21)
FN:228,(anonymous_22)
FN:229,(anonymous_23)
FN:230,(anonymous_24)
FN:232,(anonymous_25)
FN:244,(anonymous_26)
FN:247,(anonymous_27)
FN:256,(anonymous_28)
FNF:19
FNH:0
FNDA:0,CardsRow
FNDA:0,(anonymous_11)
FNDA:0,(anonymous_12)
FNDA:0,(anonymous_13)
FNDA:0,(anonymous_14)
FNDA:0,(anonymous_15)
FNDA:0,(anonymous_16)
FNDA:0,(anonymous_17)
FNDA:0,(anonymous_18)
FNDA:0,(anonymous_19)
FNDA:0,(anonymous_20)
FNDA:0,(anonymous_21)
FNDA:0,(anonymous_22)
FNDA:0,(anonymous_23)
FNDA:0,(anonymous_24)
FNDA:0,(anonymous_25)
FNDA:0,(anonymous_26)
FNDA:0,(anonymous_27)
FNDA:0,(anonymous_28)
DA:3,0
DA:4,0
DA:5,0
DA:6,0
DA:7,0
DA:8,0
DA:9,0
DA:10,0
DA:11,0
DA:12,0
DA:15,0
DA:31,0
DA:47,0
DA:48,0
DA:49,0
DA:50,0
DA:51,0
DA:52,0
DA:53,0
DA:55,0
DA:57,0
DA:58,0
DA:59,0
DA:62,0
DA:63,0
DA:64,0
DA:67,0
DA:68,0
DA:70,0
DA:77,0
DA:101,0
DA:120,0
DA:139,0
DA:207,0
DA:213,0
DA:228,0
DA:229,0
DA:230,0
DA:232,0
DA:245,0
DA:247,0
DA:256,0
LF:42
LH:0
BRDA:67,0,0,0
BRDA:67,0,1,0
BRDA:226,1,0,0
BRDA:226,1,1,0
BRDA:228,2,0,0
BRDA:228,2,1,0
BRDA:229,3,0,0
BRDA:229,3,1,0
BRDA:230,4,0,0
BRDA:230,4,1,0
BRDA:231,5,0,0
BRDA:231,5,1,0
BRDA:235,6,0,0
BRDA:235,6,1,0
BRDA:245,7,0,0
BRDA:245,7,1,0
BRDA:256,8,0,0
BRDA:256,8,1,0
BRF:18
BRH:0
end_of_record
TN:
SF:src\components\ErrorBoundary.tsx
FN:9,(anonymous_9)
FN:14,(anonymous_10)
FN:18,(anonymous_11)
FN:22,(anonymous_12)
FN:36,(anonymous_13)
FNF:5
FNH:0
FNDA:0,(anonymous_9)
FNDA:0,(anonymous_10)
FNDA:0,(anonymous_11)
FNDA:0,(anonymous_12)
FNDA:0,(anonymous_13)
DA:3,0
DA:8,0
DA:10,0
DA:11,0
DA:15,0
DA:19,0
DA:23,0
DA:24,0
DA:36,0
DA:44,0
LF:10
LH:0
BRDA:23,0,0,0
BRDA:23,0,1,0
BRF:2
BRH:0
end_of_record
TN:
SF:src\components\GuideMe.tsx
FN:37,GuideMe
FN:75,(anonymous_10)
FN:84,(anonymous_11)
FN:91,(anonymous_12)
FN:128,(anonymous_13)
FN:164,(anonymous_14)
FN:182,(anonymous_15)
FN:191,(anonymous_16)
FN:193,(anonymous_17)
FN:263,(anonymous_18)
FN:311,(anonymous_19)
FN:311,(anonymous_20)
FN:321,(anonymous_21)
FN:321,(anonymous_22)
FNF:14
FNH:0
FNDA:0,GuideMe
FNDA:0,(anonymous_10)
FNDA:0,(anonymous_11)
FNDA:0,(anonymous_12)
FNDA:0,(anonymous_13)
FNDA:0,(anonymous_14)
FNDA:0,(anonymous_15)
FNDA:0,(anonymous_16)
FNDA:0,(anonymous_17)
FNDA:0,(anonymous_18)
FNDA:0,(anonymous_19)
FNDA:0,(anonymous_20)
FNDA:0,(anonymous_21)
FNDA:0,(anonymous_22)
DA:3,0
DA:4,0
DA:5,0
DA:6,0
DA:7,0
DA:16,0
DA:37,0
DA:38,0
DA:39,0
DA:40,0
DA:41,0
DA:42,0
DA:44,0
DA:45,0
DA:47,0
DA:75,0
DA:76,0
DA:77,0
DA:78,0
DA:79,0
DA:80,0
DA:81,0
DA:84,0
DA:85,0
DA:86,0
DA:87,0
DA:88,0
DA:91,0
DA:92,0
DA:93,0
DA:96,0
DA:98,0
DA:129,0
DA:165,0
DA:182,0
DA:192,0
DA:193,0
DA:264,0
DA:311,0
DA:321,0
LF:40
LH:0
BRDA:44,0,0,0
BRDA:44,0,1,0
BRDA:44,1,0,0
BRDA:44,1,1,0
BRDA:77,2,0,0
BRDA:77,2,1,0
BRDA:79,3,0,0
BRDA:79,3,1,0
BRDA:80,4,0,0
BRDA:80,4,1,0
BRDA:96,5,0,0
BRDA:96,5,1,0
BRDA:131,6,0,0
BRDA:131,6,1,0
BRDA:132,7,0,0
BRDA:132,7,1,0
BRDA:135,8,0,0
BRDA:135,8,1,0
BRDA:137,9,0,0
BRDA:137,9,1,0
BRDA:138,10,0,0
BRDA:138,10,1,0
BRDA:143,11,0,0
BRDA:143,11,1,0
BRDA:143,12,0,0
BRDA:143,12,1,0
BRDA:157,13,0,0
BRDA:157,13,1,0
BRDA:174,14,0,0
BRDA:174,14,1,0
BRDA:187,15,0,0
BRDA:187,15,1,0
BRDA:195,16,0,0
BRDA:195,16,1,0
BRDA:200,17,0,0
BRDA:200,17,1,0
BRDA:209,18,0,0
BRDA:209,18,1,0
BRDA:209,18,2,0
BRDA:218,19,0,0
BRDA:218,19,1,0
BRDA:220,20,0,0
BRDA:220,20,1,0
BRDA:223,21,0,0
BRDA:223,21,1,0
BRDA:240,22,0,0
BRDA:240,22,1,0
BRDA:253,23,0,0
BRDA:253,23,1,0
BRDA:280,24,0,0
BRDA:280,24,1,0
BRDA:308,25,0,0
BRDA:308,25,1,0
BRDA:308,25,2,0
BRDA:308,26,0,0
BRDA:308,26,1,0
BRDA:319,27,0,0
BRDA:319,27,1,0
BRDA:332,28,0,0
BRDA:332,28,1,0
BRDA:332,28,2,0
BRF:61
BRH:0
end_of_record
TN:
SF:src\components\LeftNavStrip.tsx
FN:20,LeftNavStrip
FN:23,(anonymous_2)
FN:28,(anonymous_3)
FN:74,(anonymous_4)
FN:83,(anonymous_5)
FNF:5
FNH:0
FNDA:0,LeftNavStrip
FNDA:0,(anonymous_2)
FNDA:0,(anonymous_3)
FNDA:0,(anonymous_4)
FNDA:0,(anonymous_5)
DA:3,0
DA:4,0
DA:5,0
DA:6,0
DA:8,0
DA:15,0
DA:20,0
DA:21,0
DA:23,0
DA:24,0
DA:25,0
DA:29,0
DA:30,0
DA:64,0
DA:75,0
DA:84,0
LF:16
LH:0
BRDA:34,0,0,0
BRDA:34,0,1,0
BRDA:41,1,0,0
BRDA:41,1,1,0
BRDA:50,2,0,0
BRDA:50,2,1,0
BRF:6
BRH:0
end_of_record
TN:
SF:src\components\Modal.tsx
FN:12,Modal
FN:14,(anonymous_10)
FN:20,(anonymous_11)
FN:26,(anonymous_12)
FN:27,(anonymous_13)
FN:33,(anonymous_14)
FN:54,(anonymous_15)
FNF:7
FNH:0
FNDA:0,Modal
FNDA:0,(anonymous_10)
FNDA:0,(anonymous_11)
FNDA:0,(anonymous_12)
FNDA:0,(anonymous_13)
FNDA:0,(anonymous_14)
FNDA:0,(anonymous_15)
DA:1,0
DA:2,0
DA:3,0
DA:12,0
DA:14,0
DA:15,0
DA:16,0
DA:18,0
DA:20,0
DA:21,0
DA:26,0
DA:27,0
DA:28,0
DA:29,0
DA:32,0
DA:33,0
DA:36,0
DA:54,0
LF:18
LH:0
BRDA:15,0,0,0
BRDA:15,0,1,0
BRDA:28,1,0,0
BRDA:28,1,1,0
BRDA:32,2,0,0
BRDA:32,2,1,0
BRDA:38,3,0,0
BRDA:38,3,1,0
BRF:8
BRH:0
end_of_record
TN:
SF:src\components\SidebarLeft.tsx
FN:27,(anonymous_9)
FN:28,(anonymous_10)
FN:29,(anonymous_11)
FN:30,(anonymous_12)
FN:33,(anonymous_13)
FN:60,SidebarLeft
FN:71,(anonymous_15)
FN:72,(anonymous_16)
FN:75,(anonymous_17)
FN:84,(anonymous_18)
FN:99,(anonymous_19)
FN:106,(anonymous_20)
FN:109,(anonymous_21)
FN:110,(anonymous_22)
FN:113,(anonymous_23)
FN:161,(anonymous_24)
FN:171,(anonymous_25)
FN:175,(anonymous_26)
FN:228,(anonymous_27)
FN:248,(anonymous_28)
FN:283,(anonymous_29)
FNF:21
FNH:0
FNDA:0,(anonymous_9)
FNDA:0,(anonymous_10)
FNDA:0,(anonymous_11)
FNDA:0,(anonymous_12)
FNDA:0,(anonymous_13)
FNDA:0,SidebarLeft
FNDA:0,(anonymous_15)
FNDA:0,(anonymous_16)
FNDA:0,(anonymous_17)
FNDA:0,(anonymous_18)
FNDA:0,(anonymous_19)
FNDA:0,(anonymous_20)
FNDA:0,(anonymous_21)
FNDA:0,(anonymous_22)
FNDA:0,(anonymous_23)
FNDA:0,(anonymous_24)
FNDA:0,(anonymous_25)
FNDA:0,(anonymous_26)
FNDA:0,(anonymous_27)
FNDA:0,(anonymous_28)
FNDA:0,(anonymous_29)
DA:3,0
DA:4,0
DA:5,0
DA:6,0
DA:7,0
DA:10,0
DA:26,0
DA:27,0
DA:28,0
DA:29,0
DA:30,0
DA:33,0
DA:34,0
DA:40,0
DA:46,0
DA:52,0
DA:60,0
DA:61,0
DA:62,0
DA:65,0
DA:68,0
DA:69,0
DA:71,0
DA:72,0
DA:75,0
DA:76,0
DA:77,0
DA:79,0
DA:82,0
DA:84,0
DA:85,0
DA:86,0
DA:87,0
DA:89,0
DA:91,0
DA:92,0
DA:93,0
DA:95,0
DA:99,0
DA:100,0
DA:101,0
DA:102,0
DA:106,0
DA:107,0
DA:108,0
DA:109,0
DA:110,0
DA:113,0
DA:114,0
DA:115,0
DA:116,0
DA:117,0
DA:118,0
DA:119,0
DA:120,0
DA:121,0
DA:130,0
DA:138,0
DA:140,0
DA:162,0
DA:171,0
DA:175,0
DA:229,0
DA:230,0
DA:248,0
DA:283,0
LF:66
LH:0
BRDA:27,0,0,0
BRDA:27,0,1,0
BRDA:27,1,0,0
BRDA:27,1,1,0
BRDA:27,2,0,0
BRDA:27,2,1,0
BRDA:28,3,0,0
BRDA:28,3,1,0
BRDA:28,4,0,0
BRDA:28,4,1,0
BRDA:28,5,0,0
BRDA:28,5,1,0
BRDA:29,6,0,0
BRDA:29,6,1,0
BRDA:29,7,0,0
BRDA:29,7,1,0
BRDA:29,8,0,0
BRDA:29,8,1,0
BRDA:30,9,0,0
BRDA:30,9,1,0
BRDA:30,10,0,0
BRDA:30,10,1,0
BRDA:30,11,0,0
BRDA:30,11,1,0
BRDA:34,12,0,0
BRDA:34,12,1,0
BRDA:40,13,0,0
BRDA:40,13,1,0
BRDA:46,14,0,0
BRDA:46,14,1,0
BRDA:71,15,0,0
BRDA:71,15,1,0
BRDA:72,16,0,0
BRDA:72,16,1,0
BRDA:76,17,0,0
BRDA:76,17,1,0
BRDA:77,18,0,0
BRDA:77,18,1,0
BRDA:89,19,0,0
BRDA:89,19,1,0
BRDA:92,20,0,0
BRDA:92,20,1,0
BRDA:108,21,0,0
BRDA:108,21,1,0
BRDA:109,22,0,0
BRDA:109,22,1,0
BRDA:109,22,2,0
BRDA:114,23,0,0
BRDA:114,23,1,0
BRDA:138,24,0,0
BRDA:138,24,1,0
BRDA:144,25,0,0
BRDA:144,25,1,0
BRDA:144,26,0,0
BRDA:144,26,1,0
BRDA:147,27,0,0
BRDA:147,27,1,0
BRDA:153,28,0,0
BRDA:153,28,1,0
BRDA:163,29,0,0
BRDA:163,29,1,0
BRDA:163,30,0,0
BRDA:163,30,1,0
BRDA:181,31,0,0
BRDA:181,31,1,0
BRDA:204,32,0,0
BRDA:204,32,1,0
BRDA:204,33,0,0
BRDA:204,33,1,0
BRDA:204,34,0,0
BRDA:204,34,1,0
BRDA:204,35,0,0
BRDA:204,35,1,0
BRDA:204,36,0,0
BRDA:204,36,1,0
BRDA:204,37,0,0
BRDA:204,37,1,0
BRDA:211,38,0,0
BRDA:211,38,1,0
BRDA:211,38,2,0
BRDA:226,39,0,0
BRDA:226,39,1,0
BRDA:226,39,2,0
BRDA:229,40,0,0
BRDA:229,40,1,0
BRDA:229,41,0,0
BRDA:229,41,1,0
BRDA:232,42,0,0
BRDA:232,42,1,0
BRDA:233,43,0,0
BRDA:233,43,1,0
BRDA:237,44,0,0
BRDA:237,44,1,0
BRDA:238,45,0,0
BRDA:238,45,1,0
BRDA:244,46,0,0
BRDA:244,46,1,0
BRDA:245,47,0,0
BRDA:245,47,1,0
BRDA:247,48,0,0
BRDA:247,48,1,0
BRDA:250,49,0,0
BRDA:250,49,1,0
BRDA:250,50,0,0
BRDA:250,50,1,0
BRDA:263,51,0,0
BRDA:263,51,1,0
BRDA:271,52,0,0
BRDA:271,52,1,0
BRDA:273,53,0,0
BRDA:273,53,1,0
BRDA:274,54,0,0
BRDA:274,54,1,0
BRDA:276,55,0,0
BRDA:276,55,1,0
BRDA:277,56,0,0
BRDA:277,56,1,0
BRDA:280,57,0,0
BRDA:280,57,1,0
BRDA:284,58,0,0
BRDA:284,58,1,0
BRF:121
BRH:0
end_of_record
TN:
SF:src\components\SidebarRight.tsx
FN:35,SidebarRight
FN:43,(anonymous_10)
FN:44,(anonymous_11)
FN:78,(anonymous_12)
FN:78,(anonymous_13)
FN:105,(anonymous_14)
FN:124,(anonymous_15)
FN:124,(anonymous_16)
FN:145,(anonymous_17)
FN:148,(anonymous_18)
FN:148,(anonymous_19)
FN:157,(anonymous_20)
FNF:12
FNH:0
FNDA:0,SidebarRight
FNDA:0,(anonymous_10)
FNDA:0,(anonymous_11)
FNDA:0,(anonymous_12)
FNDA:0,(anonymous_13)
FNDA:0,(anonymous_14)
FNDA:0,(anonymous_15)
FNDA:0,(anonymous_16)
FNDA:0,(anonymous_17)
FNDA:0,(anonymous_18)
FNDA:0,(anonymous_19)
FNDA:0,(anonymous_20)
DA:3,0
DA:4,0
DA:5,0
DA:6,0
DA:17,0
DA:33,0
DA:35,0
DA:36,0
DA:37,0
DA:38,0
DA:39,0
DA:40,0
DA:41,0
DA:43,0
DA:44,0
DA:45,0
DA:46,0
DA:47,0
DA:48,0
DA:49,0
DA:50,0
DA:53,0
DA:55,0
DA:58,0
DA:61,0
DA:62,0
DA:64,0
DA:73,0
DA:78,0
DA:106,0
DA:124,0
DA:145,0
DA:148,0
DA:149,0
DA:158,0
LF:35
LH:0
BRDA:47,0,0,0
BRDA:47,0,1,0
BRDA:48,1,0,0
BRDA:48,1,1,0
BRDA:61,2,0,0
BRDA:61,2,1,0
BRDA:62,3,0,0
BRDA:62,3,1,0
BRDA:84,4,0,0
BRDA:84,4,1,0
BRDA:90,5,0,0
BRDA:90,5,1,0
BRDA:94,6,0,0
BRDA:94,6,1,0
BRDA:96,7,0,0
BRDA:96,7,1,0
BRDA:101,8,0,0
BRDA:101,8,1,0
BRDA:110,9,0,0
BRDA:110,9,1,0
BRDA:106,10,0,0
BRDA:106,10,1,0
BRDA:129,11,0,0
BRDA:129,11,1,0
BRDA:133,12,0,0
BRDA:133,12,1,0
BRDA:160,13,0,0
BRDA:160,13,1,0
BRDA:166,14,0,0
BRDA:166,14,1,0
BRF:30
BRH:0
end_of_record
TN:
SF:src\components\Timeline.tsx
FN:9,Timeline
FN:25,(anonymous_10)
FN:49,(anonymous_11)
FNF:3
FNH:0
FNDA:0,Timeline
FNDA:0,(anonymous_10)
FNDA:0,(anonymous_11)
DA:3,0
DA:4,0
DA:5,0
DA:6,0
DA:7,0
DA:9,0
DA:10,0
DA:11,0
DA:13,0
DA:15,0
DA:23,0
DA:25,0
DA:50,0
DA:51,0
LF:14
LH:0
BRDA:24,0,0,0
BRDA:24,0,1,0
BRDA:29,1,0,0
BRDA:29,1,1,0
BRDA:29,2,0,0
BRDA:29,2,1,0
BRDA:33,3,0,0
BRDA:33,3,1,0
BRDA:38,4,0,0
BRDA:38,4,1,0
BRDA:45,5,0,0
BRDA:45,5,1,0
BRDA:54,6,0,0
BRDA:54,6,1,0
BRDA:55,7,0,0
BRDA:55,7,1,0
BRF:16
BRH:0
end_of_record
TN:
SF:src\components\TopNav.tsx
FN:51,TopNav
FN:56,(anonymous_10)
FN:59,(anonymous_11)
FN:62,(anonymous_12)
FN:78,(anonymous_13)
FN:85,(anonymous_14)
FN:93,(anonymous_15)
FN:116,(anonymous_16)
FN:143,(anonymous_17)
FN:145,(anonymous_18)
FN:159,(anonymous_19)
FN:161,(anonymous_20)
FN:177,(anonymous_21)
FN:182,(anonymous_22)
FNF:14
FNH:0
FNDA:0,TopNav
FNDA:0,(anonymous_10)
FNDA:0,(anonymous_11)
FNDA:0,(anonymous_12)
FNDA:0,(anonymous_13)
FNDA:0,(anonymous_14)
FNDA:0,(anonymous_15)
FNDA:0,(anonymous_16)
FNDA:0,(anonymous_17)
FNDA:0,(anonymous_18)
FNDA:0,(anonymous_19)
FNDA:0,(anonymous_20)
FNDA:0,(anonymous_21)
FNDA:0,(anonymous_22)
DA:3,0
DA:4,0
DA:5,0
DA:6,0
DA:7,0
DA:9,0
DA:25,0
DA:44,0
DA:51,0
DA:52,0
DA:53,0
DA:54,0
DA:56,0
DA:57,0
DA:58,0
DA:59,0
DA:62,0
DA:63,0
DA:64,0
DA:65,0
DA:66,0
DA:67,0
DA:68,0
DA:69,0
DA:70,0
DA:71,0
DA:72,0
DA:73,0
DA:74,0
DA:75,0
DA:77,0
DA:80,0
DA:85,0
DA:86,0
DA:87,0
DA:89,0
DA:93,0
DA:95,0
DA:116,0
DA:143,0
DA:146,0
DA:159,0
DA:162,0
DA:178,0
DA:183,0
LF:45
LH:0
BRDA:86,0,0,0
BRDA:86,0,1,0
BRDA:87,1,0,0
BRDA:87,1,1,0
BRDA:98,2,0,0
BRDA:98,2,1,0
BRDA:198,3,0,0
BRDA:198,3,1,0
BRDA:205,4,0,0
BRDA:205,4,1,0
BRDA:209,5,0,0
BRDA:209,5,1,0
BRDA:211,6,0,0
BRDA:211,6,1,0
BRF:14
BRH:0
end_of_record
TN:
SF:src\components\VotingStepsGuide.tsx
FN:73,VotingStepsGuide
FN:82,(anonymous_11)
FN:85,(anonymous_12)
FN:89,(anonymous_13)
FN:92,(anonymous_14)
FN:100,(anonymous_15)
FN:103,(anonymous_16)
FNF:7
FNH:0
FNDA:0,VotingStepsGuide
FNDA:0,(anonymous_11)
FNDA:0,(anonymous_12)
FNDA:0,(anonymous_13)
FNDA:0,(anonymous_14)
FNDA:0,(anonymous_15)
FNDA:0,(anonymous_16)
DA:3,0
DA:4,0
DA:5,0
DA:6,0
DA:7,0
DA:10,0
DA:49,0
DA:57,0
DA:65,0
DA:73,0
DA:74,0
DA:75,0
DA:76,0
DA:78,0
DA:79,0
DA:80,0
DA:82,0
DA:83,0
DA:84,0
DA:85,0
DA:89,0
DA:90,0
DA:91,0
DA:92,0
DA:96,0
DA:101,0
DA:103,0
LF:27
LH:0
BRDA:78,0,0,0
BRDA:78,0,1,0
BRDA:83,1,0,0
BRDA:83,1,1,0
BRDA:90,2,0,0
BRDA:90,2,1,0
BRDA:103,3,0,0
BRDA:103,3,1,0
BRDA:104,4,0,0
BRDA:104,4,1,0
BRDA:104,5,0,0
BRDA:104,5,1,0
BRDA:171,6,0,0
BRDA:171,6,1,0
BRF:14
BRH:0
end_of_record
TN:
SF:src\components\chat\ChatHeader.tsx
FN:28,(anonymous_1)
FN:63,(anonymous_2)
FN:73,(anonymous_3)
FN:85,(anonymous_4)
FN:104,(anonymous_5)
FNF:5
FNH:0
FNDA:0,(anonymous_1)
FNDA:0,(anonymous_2)
FNDA:0,(anonymous_3)
FNDA:0,(anonymous_4)
FNDA:0,(anonymous_5)
DA:1,0
DA:2,0
DA:5,0
DA:28,0
DA:32,0
DA:34,0
DA:63,0
DA:73,0
DA:85,0
DA:104,0
LF:10
LH:0
BRDA:32,0,0,0
BRDA:32,0,1,0
BRDA:40,1,0,0
BRDA:40,1,1,0
BRDA:44,2,0,0
BRDA:44,2,1,0
BRDA:49,3,0,0
BRDA:49,3,1,0
BRDA:65,4,0,0
BRDA:65,4,1,0
BRDA:75,5,0,0
BRDA:75,5,1,0
BRDA:104,6,0,0
BRDA:104,6,1,0
BRDA:106,7,0,0
BRDA:106,7,1,0
BRDA:110,8,0,0
BRDA:110,8,1,0
BRDA:111,9,0,0
BRDA:111,9,1,0
BRDA:113,10,0,0
BRDA:113,10,1,0
BRF:22
BRH:0
end_of_record
TN:
SF:src\components\chat\ChatInput.tsx
FN:22,(anonymous_1)
FN:43,(anonymous_2)
FN:50,(anonymous_3)
FN:72,(anonymous_4)
FN:79,(anonymous_5)
FNF:5
FNH:0
FNDA:0,(anonymous_1)
FNDA:0,(anonymous_2)
FNDA:0,(anonymous_3)
FNDA:0,(anonymous_4)
FNDA:0,(anonymous_5)
DA:1,0
DA:2,0
DA:3,0
DA:22,0
DA:26,0
DA:43,0
DA:50,0
DA:72,0
DA:79,0
LF:9
LH:0
BRDA:31,0,0,0
BRDA:31,0,1,0
BRDA:34,1,0,0
BRDA:34,1,1,0
BRDA:52,2,0,0
BRDA:52,2,1,0
BRDA:59,3,0,0
BRDA:59,3,1,0
BRDA:61,4,0,0
BRDA:61,4,1,0
BRDA:62,5,0,0
BRDA:62,5,1,0
BRDA:72,6,0,0
BRDA:72,6,1,0
BRDA:72,7,0,0
BRDA:72,7,1,0
BRDA:81,8,0,0
BRDA:81,8,1,0
BRDA:83,9,0,0
BRDA:83,9,1,0
BRDA:90,10,0,0
BRDA:90,10,1,0
BRDA:90,10,2,0
BRDA:92,11,0,0
BRDA:92,11,1,0
BRDA:101,12,0,0
BRDA:101,12,1,0
BRF:27
BRH:0
end_of_record
TN:
SF:src\components\chat\MessageBubble.tsx
FN:13,(anonymous_2)
FN:56,(anonymous_3)
FN:57,(anonymous_4)
FN:58,(anonymous_5)
FN:59,(anonymous_6)
FN:60,(anonymous_7)
FN:61,(anonymous_8)
FN:62,(anonymous_9)
FN:63,(anonymous_10)
FN:96,(anonymous_11)
FNF:10
FNH:0
FNDA:0,(anonymous_2)
FNDA:0,(anonymous_3)
FNDA:0,(anonymous_4)
FNDA:0,(anonymous_5)
FNDA:0,(anonymous_6)
FNDA:0,(anonymous_7)
FNDA:0,(anonymous_8)
FNDA:0,(anonymous_9)
FNDA:0,(anonymous_10)
FNDA:0,(anonymous_11)
DA:1,0
DA:2,0
DA:3,0
DA:4,0
DA:5,0
DA:13,0
DA:14,0
DA:16,0
DA:56,0
DA:57,0
DA:58,0
DA:59,0
DA:60,0
DA:61,0
DA:62,0
DA:63,0
DA:96,0
LF:17
LH:0
BRDA:20,0,0,0
BRDA:20,0,1,0
BRDA:24,1,0,0
BRDA:24,1,1,0
BRDA:26,2,0,0
BRDA:26,2,1,0
BRDA:30,3,0,0
BRDA:30,3,1,0
BRDA:32,4,0,0
BRDA:32,4,1,0
BRDA:39,5,0,0
BRDA:39,5,1,0
BRDA:41,6,0,0
BRDA:41,6,1,0
BRDA:41,7,0,0
BRDA:41,7,1,0
BRDA:44,8,0,0
BRDA:44,8,1,0
BRDA:46,9,0,0
BRDA:46,9,1,0
BRDA:50,10,0,0
BRDA:50,10,1,0
BRDA:72,11,0,0
BRDA:72,11,1,0
BRDA:72,11,2,0
BRDA:84,12,0,0
BRDA:84,12,1,0
BRF:27
BRH:0
end_of_record
TN:
SF:src\components\simulations\EVMSimulation.tsx
FN:11,(anonymous_9)
FN:14,(anonymous_10)
FN:17,(anonymous_11)
FN:31,(anonymous_12)
FN:42,(anonymous_13)
FNF:5
FNH:0
FNDA:0,(anonymous_9)
FNDA:0,(anonymous_10)
FNDA:0,(anonymous_11)
FNDA:0,(anonymous_12)
FNDA:0,(anonymous_13)
DA:1,0
DA:2,0
DA:4,0
DA:11,0
DA:12,0
DA:14,0
DA:15,0
DA:16,0
DA:17,0
DA:18,0
DA:22,0
DA:32,0
DA:42,0
LF:13
LH:0
BRDA:40,0,0,0
BRDA:40,0,1,0
BRF:2
BRH:0
end_of_record
TN:
SF:src\components\simulations\FranceSimulation.tsx
FN:7,(anonymous_9)
FN:27,(anonymous_10)
FN:30,(anonymous_11)
FN:47,(anonymous_12)
FN:52,(anonymous_13)
FNF:5
FNH:0
FNDA:0,(anonymous_9)
FNDA:0,(anonymous_10)
FNDA:0,(anonymous_11)
FNDA:0,(anonymous_12)
FNDA:0,(anonymous_13)
DA:1,0
DA:2,0
DA:3,0
DA:5,0
DA:7,0
DA:8,0
DA:9,0
DA:11,0
DA:28,0
DA:30,0
DA:47,0
DA:52,0
LF:12
LH:0
BRDA:24,0,0,0
BRDA:24,0,1,0
BRF:2
BRH:0
end_of_record
TN:
SF:src\components\simulations\PaperBallotSimulation.tsx
FN:10,(anonymous_9)
FN:20,(anonymous_10)
FN:39,(anonymous_11)
FN:49,(anonymous_12)
FN:69,(anonymous_13)
FNF:5
FNH:0
FNDA:0,(anonymous_9)
FNDA:0,(anonymous_10)
FNDA:0,(anonymous_11)
FNDA:0,(anonymous_12)
FNDA:0,(anonymous_13)
DA:1,0
DA:2,0
DA:4,0
DA:10,0
DA:17,0
DA:18,0
DA:20,0
DA:21,0
DA:22,0
DA:23,0
DA:24,0
DA:28,0
DA:30,0
DA:40,0
DA:49,0
DA:69,0
LF:16
LH:0
BRDA:21,0,0,0
BRDA:21,0,1,0
BRDA:23,1,0,0
BRDA:23,1,1,0
BRDA:41,2,0,0
BRDA:41,2,1,0
BRDA:42,3,0,0
BRDA:42,3,1,0
BRDA:58,4,0,0
BRDA:58,4,1,0
BRDA:61,5,0,0
BRDA:61,5,1,0
BRDA:62,6,0,0
BRDA:62,6,1,0
BRDA:81,7,0,0
BRDA:81,7,1,0
BRF:16
BRH:0
end_of_record
TN:
SF:src\components\simulations\PreferentialSimulation.tsx
FN:6,(anonymous_9)
FN:9,(anonymous_10)
FN:12,(anonymous_11)
FN:30,(anonymous_12)
FN:37,(anonymous_13)
FN:46,(anonymous_14)
FN:46,(anonymous_15)
FNF:7
FNH:0
FNDA:0,(anonymous_9)
FNDA:0,(anonymous_10)
FNDA:0,(anonymous_11)
FNDA:0,(anonymous_12)
FNDA:0,(anonymous_13)
FNDA:0,(anonymous_14)
FNDA:0,(anonymous_15)
DA:1,0
DA:2,0
DA:4,0
DA:6,0
DA:7,0
DA:9,0
DA:10,0
DA:12,0
DA:13,0
DA:15,0
DA:16,0
DA:17,0
DA:20,0
DA:22,0
DA:31,0
DA:37,0
DA:46,0
LF:17
LH:0
BRDA:13,0,0,0
BRDA:13,0,1,0
BRDA:36,1,0,0
BRDA:36,1,1,0
BRF:4
BRH:0
end_of_record
TN:
SF:src\components\simulations\simulationSounds.ts
FN:7,(anonymous_0)
FN:20,(anonymous_1)
FN:23,(anonymous_2)
FN:38,(anonymous_3)
FN:60,(anonymous_4)
FN:76,(anonymous_5)
FNF:6
FNH:0
FNDA:0,(anonymous_0)
FNDA:0,(anonymous_1)
FNDA:0,(anonymous_2)
FNDA:0,(anonymous_3)
FNDA:0,(anonymous_4)
FNDA:0,(anonymous_5)
DA:7,0
DA:8,0
DA:9,0
DA:10,0
DA:11,0
DA:13,0
DA:15,0
DA:20,0
DA:21,0
DA:22,0
DA:23,0
DA:24,0
DA:25,0
DA:26,0
DA:27,0
DA:28,0
DA:29,0
DA:30,0
DA:31,0
DA:33,0
DA:34,0
DA:38,0
DA:39,0
DA:40,0
DA:41,0
DA:42,0
DA:43,0
DA:44,0
DA:45,0
DA:47,0
DA:48,0
DA:49,0
DA:50,0
DA:51,0
DA:52,0
DA:53,0
DA:54,0
DA:55,0
DA:56,0
DA:60,0
DA:61,0
DA:62,0
DA:64,0
DA:65,0
DA:66,0
DA:67,0
DA:68,0
DA:69,0
DA:70,0
DA:71,0
DA:72,0
DA:76,0
DA:77,0
DA:78,0
DA:79,0
DA:80,0
DA:81,0
DA:82,0
DA:83,0
DA:84,0
DA:86,0
DA:87,0
DA:88,0
DA:89,0
DA:90,0
DA:91,0
DA:92,0
LF:67
LH:0
BRDA:9,0,0,0
BRDA:9,0,1,0
BRDA:10,1,0,0
BRDA:10,1,1,0
BRDA:22,2,0,0
BRDA:22,2,1,0
BRDA:40,3,0,0
BRDA:40,3,1,0
BRDA:62,4,0,0
BRDA:62,4,1,0
BRDA:78,5,0,0
BRDA:78,5,1,0
BRF:12
BRH:0
end_of_record
TN:
SF:src\components\views\CalendarView.tsx
FN:25,CalendarView
FN:33,(anonymous_10)
FN:51,(anonymous_11)
FN:61,(anonymous_12)
FN:64,(anonymous_13)
FN:65,(anonymous_14)
FN:66,(anonymous_15)
FN:68,(anonymous_16)
FN:72,(anonymous_17)
FN:73,(anonymous_18)
FN:75,(anonymous_19)
FN:88,(anonymous_20)
FN:103,(anonymous_21)
FN:106,(anonymous_22)
FN:152,(anonymous_23)
FN:155,(anonymous_24)
FN:184,(anonymous_25)
FN:194,(anonymous_26)
FN:212,(anonymous_27)
FN:226,(anonymous_28)
FN:259,(anonymous_29)
FN:287,EventListCard
FN:300,(anonymous_31)
FN:311,(anonymous_32)
FNF:24
FNH:0
FNDA:0,CalendarView
FNDA:0,(anonymous_10)
FNDA:0,(anonymous_11)
FNDA:0,(anonymous_12)
FNDA:0,(anonymous_13)
FNDA:0,(anonymous_14)
FNDA:0,(anonymous_15)
FNDA:0,(anonymous_16)
FNDA:0,(anonymous_17)
FNDA:0,(anonymous_18)
FNDA:0,(anonymous_19)
FNDA:0,(anonymous_20)
FNDA:0,(anonymous_21)
FNDA:0,(anonymous_22)
FNDA:0,(anonymous_23)
FNDA:0,(anonymous_24)
FNDA:0,(anonymous_25)
FNDA:0,(anonymous_26)
FNDA:0,(anonymous_27)
FNDA:0,(anonymous_28)
FNDA:0,(anonymous_29)
FNDA:0,EventListCard
FNDA:0,(anonymous_31)
FNDA:0,(anonymous_32)
DA:3,0
DA:4,0
DA:5,0
DA:6,0
DA:7,0
DA:9,0
DA:17,0
DA:25,0
DA:26,0
DA:27,0
DA:28,0
DA:29,0
DA:30,0
DA:31,0
DA:33,0
DA:34,0
DA:35,0
DA:36,0
DA:37,0
DA:38,0
DA:39,0
DA:40,0
DA:41,0
DA:42,0
DA:43,0
DA:44,0
DA:45,0
DA:46,0
DA:47,0
DA:51,0
DA:52,0
DA:53,0
DA:54,0
DA:55,0
DA:56,0
DA:58,0
DA:60,0
DA:61,0
DA:64,0
DA:65,0
DA:66,0
DA:68,0
DA:69,0
DA:72,0
DA:73,0
DA:75,0
DA:76,0
DA:77,0
DA:78,0
DA:79,0
DA:80,0
DA:82,0
DA:83,0
DA:86,0
DA:87,0
DA:88,0
DA:89,0
DA:90,0
DA:92,0
DA:104,0
DA:106,0
DA:120,0
DA:123,0
DA:125,0
DA:153,0
DA:155,0
DA:185,0
DA:195,0
DA:213,0
DA:227,0
DA:259,0
DA:294,0
DA:295,0
DA:300,0
DA:311,0
LF:75
LH:0
BRDA:35,0,0,0
BRDA:35,0,1,0
BRDA:54,1,0,0
BRDA:54,1,1,0
BRDA:96,2,0,0
BRDA:96,2,1,0
BRDA:97,3,0,0
BRDA:97,3,1,0
BRDA:101,4,0,0
BRDA:101,4,1,0
BRDA:101,5,0,0
BRDA:101,5,1,0
BRDA:113,6,0,0
BRDA:113,6,1,0
BRDA:130,7,0,0
BRDA:130,7,1,0
BRDA:157,8,0,0
BRDA:157,8,1,0
BRDA:169,9,0,0
BRDA:169,9,1,0
BRDA:205,10,0,0
BRDA:205,10,1,0
BRDA:207,11,0,0
BRDA:207,11,1,0
BRDA:219,12,0,0
BRDA:219,12,1,0
BRDA:221,13,0,0
BRDA:221,13,1,0
BRDA:240,14,0,0
BRDA:240,14,1,0
BRDA:261,15,0,0
BRDA:261,15,1,0
BRDA:266,16,0,0
BRDA:266,16,1,0
BRDA:271,17,0,0
BRDA:271,17,1,0
BRDA:299,18,0,0
BRDA:299,18,1,0
BRDA:307,19,0,0
BRDA:307,19,1,0
BRDA:312,20,0,0
BRDA:312,20,1,0
BRDA:313,21,0,0
BRDA:313,21,1,0
BRDA:315,22,0,0
BRDA:315,22,1,0
BRF:46
BRH:0
end_of_record
TN:
SF:src\components\views\ChatHistoryView.tsx
FN:9,ChatHistoryView
FN:14,(anonymous_10)
FN:26,(anonymous_11)
FN:28,(anonymous_12)
FN:35,(anonymous_13)
FN:39,(anonymous_14)
FN:39,(anonymous_15)
FN:45,(anonymous_16)
FN:51,(anonymous_17)
FN:66,(anonymous_18)
FN:71,(anonymous_19)
FN:119,(anonymous_20)
FN:139,(anonymous_21)
FN:158,ConversationCard
FN:164,(anonymous_23)
FN:171,(anonymous_24)
FN:189,(anonymous_25)
FNF:17
FNH:0
FNDA:0,ChatHistoryView
FNDA:0,(anonymous_10)
FNDA:0,(anonymous_11)
FNDA:0,(anonymous_12)
FNDA:0,(anonymous_13)
FNDA:0,(anonymous_14)
FNDA:0,(anonymous_15)
FNDA:0,(anonymous_16)
FNDA:0,(anonymous_17)
FNDA:0,(anonymous_18)
FNDA:0,(anonymous_19)
FNDA:0,(anonymous_20)
FNDA:0,(anonymous_21)
FNDA:0,ConversationCard
FNDA:0,(anonymous_23)
FNDA:0,(anonymous_24)
FNDA:0,(anonymous_25)
DA:3,0
DA:4,0
DA:5,0
DA:6,0
DA:7,0
DA:9,0
DA:10,0
DA:11,0
DA:12,0
DA:14,0
DA:15,0
DA:16,0
DA:17,0
DA:18,0
DA:20,0
DA:22,0
DA:26,0
DA:28,0
DA:30,0
DA:31,0
DA:32,0
DA:35,0
DA:36,0
DA:37,0
DA:38,0
DA:39,0
DA:41,0
DA:45,0
DA:46,0
DA:47,0
DA:48,0
DA:51,0
DA:52,0
DA:53,0
DA:54,0
DA:55,0
DA:56,0
DA:57,0
DA:59,0
DA:60,0
DA:61,0
DA:62,0
DA:66,0
DA:67,0
DA:68,0
DA:69,0
DA:71,0
DA:73,0
DA:120,0
DA:140,0
DA:164,0
DA:166,0
DA:171,0
DA:189,0
LF:54
LH:0
BRDA:31,0,0,0
BRDA:31,0,1,0
BRDA:52,1,0,0
BRDA:52,1,1,0
BRDA:53,2,0,0
BRDA:53,2,1,0
BRDA:59,3,0,0
BRDA:59,3,1,0
BRDA:60,4,0,0
BRDA:60,4,1,0
BRDA:61,5,0,0
BRDA:61,5,1,0
BRDA:67,6,0,0
BRDA:67,6,1,0
BRDA:68,7,0,0
BRDA:68,7,1,0
BRDA:90,8,0,0
BRDA:90,8,1,0
BRDA:97,9,0,0
BRDA:97,9,1,0
BRDA:111,10,0,0
BRDA:111,10,1,0
BRDA:132,11,0,0
BRDA:132,11,1,0
BRDA:164,12,0,0
BRDA:164,12,1,0
BRDA:164,13,0,0
BRDA:164,13,1,0
BRDA:164,14,0,0
BRDA:164,14,1,0
BRDA:164,15,0,0
BRDA:164,15,1,0
BRDA:164,16,0,0
BRDA:164,16,1,0
BRDA:164,17,0,0
BRDA:164,17,1,0
BRDA:185,18,0,0
BRDA:185,18,1,0
BRDA:185,19,0,0
BRDA:185,19,1,0
BRDA:185,20,0,0
BRDA:185,20,1,0
BRF:42
BRH:0
end_of_record
TN:
SF:src\components\views\CloudView.tsx
FN:13,CloudView
FN:20,(anonymous_10)
FN:32,(anonymous_11)
FN:34,(anonymous_12)
FN:44,(anonymous_13)
FN:47,(anonymous_14)
FN:53,(anonymous_15)
FN:56,(anonymous_16)
FN:56,(anonymous_17)
FN:62,(anonymous_18)
FN:85,(anonymous_19)
FN:85,(anonymous_20)
FN:135,(anonymous_21)
FN:137,(anonymous_22)
FN:169,(anonymous_23)
FN:186,(anonymous_24)
FNF:16
FNH:0
FNDA:0,CloudView
FNDA:0,(anonymous_10)
FNDA:0,(anonymous_11)
FNDA:0,(anonymous_12)
FNDA:0,(anonymous_13)
FNDA:0,(anonymous_14)
FNDA:0,(anonymous_15)
FNDA:0,(anonymous_16)
FNDA:0,(anonymous_17)
FNDA:0,(anonymous_18)
FNDA:0,(anonymous_19)
FNDA:0,(anonymous_20)
FNDA:0,(anonymous_21)
FNDA:0,(anonymous_22)
FNDA:0,(anonymous_23)
FNDA:0,(anonymous_24)
DA:3,0
DA:4,0
DA:5,0
DA:9,0
DA:10,0
DA:11,0
DA:13,0
DA:14,0
DA:15,0
DA:16,0
DA:17,0
DA:18,0
DA:20,0
DA:21,0
DA:22,0
DA:23,0
DA:24,0
DA:26,0
DA:28,0
DA:32,0
DA:34,0
DA:35,0
DA:36,0
DA:37,0
DA:39,0
DA:44,0
DA:45,0
DA:47,0
DA:48,0
DA:49,0
DA:53,0
DA:54,0
DA:55,0
DA:56,0
DA:58,0
DA:62,0
DA:63,0
DA:64,0
DA:65,0
DA:66,0
DA:67,0
DA:68,0
DA:69,0
DA:72,0
DA:74,0
DA:85,0
DA:135,0
DA:138,0
DA:170,0
DA:186,0
LF:50
LH:0
BRDA:35,0,0,0
BRDA:35,0,1,0
BRDA:35,1,0,0
BRDA:35,1,1,0
BRDA:35,2,0,0
BRDA:35,2,1,0
BRDA:36,3,0,0
BRDA:36,3,1,0
BRDA:63,4,0,0
BRDA:63,4,1,0
BRDA:64,5,0,0
BRDA:64,5,1,0
BRDA:67,6,0,0
BRDA:67,6,1,0
BRDA:68,7,0,0
BRDA:68,7,1,0
BRDA:72,8,0,0
BRDA:72,8,1,0
BRDA:98,9,0,0
BRDA:98,9,1,0
BRDA:135,10,0,0
BRDA:135,10,1,0
BRDA:135,11,0,0
BRDA:135,11,1,0
BRDA:136,12,0,0
BRDA:136,12,1,0
BRDA:150,13,0,0
BRDA:150,13,1,0
BRDA:153,14,0,0
BRDA:153,14,1,0
BRDA:160,15,0,0
BRDA:160,15,1,0
BRF:32
BRH:0
end_of_record
TN:
SF:src\components\views\CommunityView.tsx
FN:39,FAQItem
FN:43,(anonymous_10)
FN:43,(anonymous_11)
FN:60,CommunityView
FN:70,(anonymous_13)
FN:71,(anonymous_14)
FN:85,(anonymous_15)
FN:86,(anonymous_16)
FN:93,(anonymous_17)
FN:152,(anonymous_18)
FN:171,(anonymous_19)
FN:195,(anonymous_20)
FN:229,(anonymous_21)
FN:246,(anonymous_22)
FN:267,(anonymous_23)
FN:278,(anonymous_24)
FNF:16
FNH:0
FNDA:0,FAQItem
FNDA:0,(anonymous_10)
FNDA:0,(anonymous_11)
FNDA:0,CommunityView
FNDA:0,(anonymous_13)
FNDA:0,(anonymous_14)
FNDA:0,(anonymous_15)
FNDA:0,(anonymous_16)
FNDA:0,(anonymous_17)
FNDA:0,(anonymous_18)
FNDA:0,(anonymous_19)
FNDA:0,(anonymous_20)
FNDA:0,(anonymous_21)
FNDA:0,(anonymous_22)
FNDA:0,(anonymous_23)
FNDA:0,(anonymous_24)
DA:3,0
DA:4,0
DA:5,0
DA:9,0
DA:10,0
DA:12,0
DA:21,0
DA:30,0
DA:40,0
DA:41,0
DA:43,0
DA:60,0
DA:61,0
DA:62,0
DA:63,0
DA:64,0
DA:65,0
DA:66,0
DA:67,0
DA:70,0
DA:71,0
DA:72,0
DA:73,0
DA:74,0
DA:75,0
DA:77,0
DA:79,0
DA:82,0
DA:85,0
DA:86,0
DA:87,0
DA:88,0
DA:89,0
DA:93,0
DA:94,0
DA:95,0
DA:97,0
DA:98,0
DA:100,0
DA:102,0
DA:107,0
DA:109,0
DA:110,0
DA:111,0
DA:112,0
DA:117,0
DA:118,0
DA:119,0
DA:121,0
DA:124,0
DA:125,0
DA:126,0
DA:129,0
DA:130,0
DA:132,0
DA:136,0
DA:153,0
DA:172,0
DA:195,0
DA:229,0
DA:246,0
DA:267,0
DA:278,0
LF:63
LH:0
BRDA:46,0,0,0
BRDA:46,0,1,0
BRDA:49,1,0,0
BRDA:49,1,1,0
BRDA:88,2,0,0
BRDA:88,2,1,0
BRDA:95,3,0,0
BRDA:95,3,1,0
BRDA:109,4,0,0
BRDA:109,4,1,0
BRDA:110,5,0,0
BRDA:110,5,1,0
BRDA:199,6,0,0
BRDA:199,6,1,0
BRDA:207,7,0,0
BRDA:207,7,1,0
BRDA:209,8,0,0
BRDA:209,8,1,0
BRDA:218,9,0,0
BRDA:218,9,1,0
BRDA:223,10,0,0
BRDA:223,10,1,0
BRDA:240,11,0,0
BRDA:240,11,1,0
BRDA:240,12,0,0
BRDA:240,12,1,0
BRDA:240,13,0,0
BRDA:240,13,1,0
BRDA:247,14,0,0
BRDA:247,14,1,0
BRDA:248,15,0,0
BRDA:248,15,1,0
BRDA:249,16,0,0
BRDA:249,16,1,0
BRF:34
BRH:0
end_of_record
TN:
SF:src\components\views\DashboardView.tsx
FN:12,DashboardView
FN:44,(anonymous_11)
FN:44,(anonymous_12)
FN:54,(anonymous_13)
FN:54,(anonymous_14)
FN:92,(anonymous_15)
FN:92,(anonymous_16)
FNF:7
FNH:0
FNDA:0,DashboardView
FNDA:0,(anonymous_11)
FNDA:0,(anonymous_12)
FNDA:0,(anonymous_13)
FNDA:0,(anonymous_14)
FNDA:0,(anonymous_15)
FNDA:0,(anonymous_16)
DA:3,0
DA:4,0
DA:5,0
DA:6,0
DA:7,0
DA:8,0
DA:9,0
DA:10,0
DA:12,0
DA:13,0
DA:14,0
DA:16,0
DA:44,0
DA:54,0
DA:92,0
LF:15
LH:0
BRDA:21,0,0,0
BRDA:21,0,1,0
BRDA:49,1,0,0
BRDA:49,1,1,0
BRDA:50,2,0,0
BRDA:50,2,1,0
BRDA:56,3,0,0
BRDA:56,3,1,0
BRDA:64,4,0,0
BRDA:64,4,1,0
BRDA:75,5,0,0
BRDA:75,5,1,0
BRDA:96,6,0,0
BRDA:96,6,1,0
BRDA:97,7,0,0
BRDA:97,7,1,0
BRF:16
BRH:0
end_of_record
TN:
SF:src\components\views\SettingsView.tsx
FN:30,Toggle
FN:39,Section
FN:54,SettingRow
FN:66,SettingsView
FN:73,(anonymous_13)
FN:75,(anonymous_14)
FN:101,(anonymous_15)
FN:103,(anonymous_16)
FN:109,(anonymous_17)
FN:111,(anonymous_18)
FN:124,(anonymous_19)
FN:124,(anonymous_20)
FN:131,(anonymous_21)
FN:131,(anonymous_22)
FN:169,(anonymous_23)
FNF:15
FNH:0
FNDA:0,Toggle
FNDA:0,Section
FNDA:0,SettingRow
FNDA:0,SettingsView
FNDA:0,(anonymous_13)
FNDA:0,(anonymous_14)
FNDA:0,(anonymous_15)
FNDA:0,(anonymous_16)
FNDA:0,(anonymous_17)
FNDA:0,(anonymous_18)
FNDA:0,(anonymous_19)
FNDA:0,(anonymous_20)
FNDA:0,(anonymous_21)
FNDA:0,(anonymous_22)
FNDA:0,(anonymous_23)
DA:3,0
DA:4,0
DA:5,0
DA:9,0
DA:11,0
DA:19,0
DA:31,0
DA:40,0
DA:55,0
DA:66,0
DA:67,0
DA:68,0
DA:69,0
DA:70,0
DA:71,0
DA:73,0
DA:74,0
DA:75,0
DA:78,0
DA:101,0
DA:104,0
DA:109,0
DA:112,0
DA:124,0
DA:131,0
DA:170,0
LF:26
LH:0
BRDA:33,0,0,0
BRDA:33,0,1,0
BRDA:34,1,0,0
BRDA:34,1,1,0
BRDA:59,2,0,0
BRDA:59,2,1,0
BRDA:90,3,0,0
BRDA:90,3,1,0
BRDA:94,4,0,0
BRDA:94,4,1,0
BRDA:135,5,0,0
BRDA:135,5,1,0
BRF:12
BRH:0
end_of_record
TN:
SF:src\data\electionEvents.ts
FN:155,(anonymous_0)
FN:156,(anonymous_1)
FN:164,(anonymous_2)
FN:167,(anonymous_3)
FN:168,(anonymous_4)
FN:173,(anonymous_5)
FN:176,(anonymous_6)
FN:177,(anonymous_7)
FNF:8
FNH:0
FNDA:0,(anonymous_0)
FNDA:0,(anonymous_1)
FNDA:0,(anonymous_2)
FNDA:0,(anonymous_3)
FNDA:0,(anonymous_4)
FNDA:0,(anonymous_5)
FNDA:0,(anonymous_6)
FNDA:0,(anonymous_7)
DA:12,0
DA:155,0
DA:156,0
DA:157,0
DA:158,0
DA:159,0
DA:164,0
DA:165,0
DA:166,0
DA:167,0
DA:168,0
DA:173,0
DA:174,0
DA:175,0
DA:176,0
DA:177,0
LF:16
LH:0
BRDA:157,0,0,0
BRDA:157,0,1,0
BRDA:159,1,0,0
BRDA:159,1,1,0
BRDA:164,2,0,0
BRDA:167,3,0,0
BRDA:167,3,1,0
BRDA:173,4,0,0
BRDA:176,5,0,0
BRDA:176,5,1,0
BRF:10
BRH:0
end_of_record
TN:
SF:src\hooks\useAnonymousAuth.ts
FN:8,useAnonymousAuth
FN:9,(anonymous_1)
FNF:2
FNH:0
FNDA:0,useAnonymousAuth
FNDA:0,(anonymous_1)
DA:3,0
DA:4,0
DA:8,0
DA:9,0
DA:10,0
LF:5
LH:0
BRF:0
BRH:0
end_of_record
TN:
SF:src\lib\aiUtils.ts
FN:54,detectIntent
FN:110,getRegistrationUrl
FN:133,buildCacheKey
FN:144,getCachedResponse
FN:160,setCachedResponse
FN:168,pruneCache
FN:186,buildGeminiHistory
FN:191,(anonymous_7)
FNF:8
FNH:8
FNDA:34,detectIntent
FNDA:7,getRegistrationUrl
FNDA:16,buildCacheKey
FNDA:14,getCachedResponse
FNDA:11,setCachedResponse
FNDA:20,pruneCache
FNDA:15,buildGeminiHistory
FNDA:19,(anonymous_7)
DA:37,3
DA:54,3
DA:55,34
DA:56,34
DA:60,34
DA:61,137
DA:63,10
DA:68,3
DA:87,3
DA:110,3
DA:111,7
DA:119,3
DA:120,3
DA:133,3
DA:134,16
DA:144,3
DA:145,14
DA:146,14
DA:147,3
DA:148,0
DA:149,0
DA:151,3
DA:160,3
DA:161,11
DA:168,3
DA:169,20
DA:170,20
DA:171,78
DA:186,3
DA:190,15
DA:191,19
LF:31
LH:29
BRDA:61,0,0,24
BRDA:61,0,1,113
BRDA:111,1,0,5
BRDA:111,1,1,2
BRDA:111,2,0,7
BRDA:111,2,1,7
BRDA:146,3,0,11
BRDA:146,3,1,3
BRDA:147,4,0,0
BRDA:147,4,1,3
BRDA:171,5,0,0
BRDA:171,5,1,78
BRDA:188,6,0,2
BRDA:192,7,0,7
BRDA:192,7,1,12
BRF:15
BRH:13
end_of_record
TN:
SF:src\lib\firebase.ts
FN:20,(anonymous_0)
FN:21,(anonymous_1)
FN:22,(anonymous_2)
FN:26,(anonymous_3)
FNF:4
FNH:0
FNDA:0,(anonymous_0)
FNDA:0,(anonymous_1)
FNDA:0,(anonymous_2)
FNDA:0,(anonymous_3)
DA:1,0
DA:2,0
DA:3,0
DA:5,0
DA:15,0
DA:16,0
DA:17,0
DA:20,0
DA:21,0
DA:22,0
DA:23,0
DA:24,0
DA:26,0
LF:13
LH:0
BRDA:15,0,0,0
BRDA:15,0,1,0
BRDA:23,1,0,0
BRDA:23,1,1,0
BRF:4
BRH:0
end_of_record
TN:
SF:src\lib\firestore.ts
FN:53,(anonymous_0)
FN:57,createConversation
FN:76,updateConversation
FN:83,getAllConversations
FN:89,(anonymous_4)
FN:90,(anonymous_5)
FN:97,deleteConversation
FN:103,saveDownload
FN:111,getMyDownloads
FN:117,(anonymous_9)
FN:118,(anonymous_10)
FN:125,deleteDownload
FN:131,createCommunityPost
FN:145,getCommunityPosts
FN:148,(anonymous_14)
FN:149,(anonymous_15)
FNF:16
FNH:0
FNDA:0,(anonymous_0)
FNDA:0,createConversation
FNDA:0,updateConversation
FNDA:0,getAllConversations
FNDA:0,(anonymous_4)
FNDA:0,(anonymous_5)
FNDA:0,deleteConversation
FNDA:0,saveDownload
FNDA:0,getMyDownloads
FNDA:0,(anonymous_9)
FNDA:0,(anonymous_10)
FNDA:0,deleteDownload
FNDA:0,createCommunityPost
FNDA:0,getCommunityPosts
FNDA:0,(anonymous_14)
FNDA:0,(anonymous_15)
DA:1,0
DA:2,0
DA:48,0
DA:49,0
DA:50,0
DA:53,0
DA:57,0
DA:63,0
DA:67,0
DA:73,0
DA:76,0
DA:77,0
DA:83,0
DA:84,0
DA:85,0
DA:88,0
DA:89,0
DA:90,0
DA:91,0
DA:92,0
DA:93,0
DA:97,0
DA:98,0
DA:103,0
DA:104,0
DA:111,0
DA:112,0
DA:113,0
DA:116,0
DA:117,0
DA:118,0
DA:119,0
DA:120,0
DA:121,0
DA:125,0
DA:126,0
DA:131,0
DA:137,0
DA:145,0
DA:146,0
DA:147,0
DA:148,0
DA:149,0
DA:150,0
DA:151,0
DA:152,0
LF:46
LH:0
BRDA:53,0,0,0
BRDA:53,0,1,0
BRDA:53,1,0,0
BRDA:53,1,1,0
BRDA:53,2,0,0
BRDA:53,2,1,0
BRDA:63,3,0,0
BRDA:63,3,1,0
BRDA:85,4,0,0
BRDA:85,4,1,0
BRDA:91,5,0,0
BRDA:91,5,1,0
BRDA:91,6,0,0
BRDA:91,6,1,0
BRDA:91,7,0,0
BRDA:91,7,1,0
BRDA:91,8,0,0
BRDA:91,8,1,0
BRDA:91,9,0,0
BRDA:91,9,1,0
BRDA:91,10,0,0
BRDA:91,10,1,0
BRDA:92,11,0,0
BRDA:92,11,1,0
BRDA:92,12,0,0
BRDA:92,12,1,0
BRDA:92,13,0,0
BRDA:92,13,1,0
BRDA:92,14,0,0
BRDA:92,14,1,0
BRDA:92,15,0,0
BRDA:92,15,1,0
BRDA:92,16,0,0
BRDA:92,16,1,0
BRDA:113,17,0,0
BRDA:113,17,1,0
BRDA:119,18,0,0
BRDA:119,18,1,0
BRDA:119,19,0,0
BRDA:119,19,1,0
BRDA:119,20,0,0
BRDA:119,20,1,0
BRDA:119,21,0,0
BRDA:119,21,1,0
BRDA:119,22,0,0
BRDA:119,22,1,0
BRDA:119,23,0,0
BRDA:119,23,1,0
BRDA:120,24,0,0
BRDA:120,24,1,0
BRDA:120,25,0,0
BRDA:120,25,1,0
BRDA:120,26,0,0
BRDA:120,26,1,0
BRDA:120,27,0,0
BRDA:120,27,1,0
BRDA:120,28,0,0
BRDA:120,28,1,0
BRDA:120,29,0,0
BRDA:120,29,1,0
BRDA:150,30,0,0
BRDA:150,30,1,0
BRDA:150,31,0,0
BRDA:150,31,1,0
BRDA:150,32,0,0
BRDA:150,32,1,0
BRDA:150,33,0,0
BRDA:150,33,1,0
BRDA:150,34,0,0
BRDA:150,34,1,0
BRDA:150,35,0,0
BRDA:150,35,1,0
BRDA:151,36,0,0
BRDA:151,36,1,0
BRDA:151,37,0,0
BRDA:151,37,1,0
BRDA:151,38,0,0
BRDA:151,38,1,0
BRDA:151,39,0,0
BRDA:151,39,1,0
BRDA:151,40,0,0
BRDA:151,40,1,0
BRDA:151,41,0,0
BRDA:151,41,1,0
BRF:84
BRH:0
end_of_record
TN:
SF:src\lib\geminiService.ts
FN:24,(anonymous_0)
FN:54,(anonymous_1)
FN:92,(anonymous_2)
FN:112,(anonymous_3)
FNF:4
FNH:4
FNDA:2,(anonymous_0)
FNDA:1,(anonymous_1)
FNDA:1,(anonymous_2)
FNDA:2,(anonymous_3)
DA:1,1
DA:25,2
DA:26,1
DA:28,1
DA:29,1
DA:59,1
DA:60,1
DA:68,1
DA:69,1
DA:70,1
DA:72,0
DA:75,0
DA:76,0
DA:79,0
DA:93,1
DA:94,1
DA:95,1
DA:96,1
DA:98,0
DA:99,0
DA:112,2
LF:21
LH:15
BRDA:24,0,0,2
BRDA:25,1,0,1
BRDA:25,1,1,1
BRDA:56,2,0,0
BRDA:57,3,0,0
BRDA:75,4,0,0
BRDA:75,4,1,0
BRDA:75,5,0,0
BRDA:75,5,1,0
BRDA:75,6,0,0
BRDA:75,6,1,0
BRDA:75,7,0,0
BRDA:75,7,1,0
BRDA:75,8,0,0
BRDA:75,8,1,0
BRDA:75,9,0,0
BRDA:75,9,1,0
BRF:17
BRH:3
end_of_record
TN:
SF:src\store\useAppStore.ts
FN:27,(anonymous_0)
FN:37,(anonymous_1)
FN:38,(anonymous_2)
FN:39,(anonymous_3)
FN:40,(anonymous_4)
FN:40,(anonymous_5)
FN:41,(anonymous_6)
FN:42,(anonymous_7)
FN:43,(anonymous_8)
FN:43,(anonymous_9)
FN:45,(anonymous_10)
FN:48,(anonymous_11)
FN:49,(anonymous_12)
FN:54,(anonymous_13)
FNF:14
FNH:13
FNDA:1,(anonymous_0)
FNDA:1,(anonymous_1)
FNDA:1,(anonymous_2)
FNDA:0,(anonymous_3)
FNDA:2,(anonymous_4)
FNDA:2,(anonymous_5)
FNDA:1,(anonymous_6)
FNDA:1,(anonymous_7)
FNDA:8,(anonymous_8)
FNDA:8,(anonymous_9)
FNDA:3,(anonymous_10)
FNDA:2,(anonymous_11)
FNDA:2,(anonymous_12)
FNDA:36,(anonymous_13)
DA:1,1
DA:2,1
DA:25,1
DA:27,1
DA:37,1
DA:38,1
DA:39,0
DA:40,2
DA:41,1
DA:42,1
DA:43,8
DA:45,3
DA:48,2
DA:49,2
DA:54,36
LF:15
LH:14
BRDA:44,0,0,2
BRDA:44,0,1,6
BRF:2
BRH:2
end_of_record
